106.08.03 16:47 B C:\AppServ\www\Desarrollo PHP\IntranetRH\rhumanos\includes\libadodb\adodb\session\adodb-compress-bzip2.php <-- Intranet RH /export/home/erikal/rhumanos/includes/libadodb/adodb/session adodb-compress-bzip2.php
106.08.03 16:47 B C:\AppServ\www\Desarrollo PHP\IntranetRH\rhumanos\includes\libadodb\adodb\session\adodb-compress-gzip.php <-- Intranet RH /export/home/erikal/rhumanos/includes/libadodb/adodb/session adodb-compress-gzip.php
106.08.03 16:47 B C:\AppServ\www\Desarrollo PHP\IntranetRH\rhumanos\includes\libadodb\adodb\session\adodb-cryptsession.php <-- Intranet RH /export/home/erikal/rhumanos/includes/libadodb/adodb/session adodb-cryptsession.php
106.08.03 16:47 B C:\AppServ\www\Desarrollo PHP\IntranetRH\rhumanos\includes\libadodb\adodb\session\adodb-encrypt-mcrypt.php <-- Intranet RH /export/home/erikal/rhumanos/includes/libadodb/adodb/session adodb-encrypt-mcrypt.php
106.08.03 16:47 B C:\AppServ\www\Desarrollo PHP\IntranetRH\rhumanos\includes\libadodb\adodb\session\adodb-encrypt-md5.php <-- Intranet RH /export/home/erikal/rhumanos/includes/libadodb/adodb/session adodb-encrypt-md5.php
106.08.03 16:47 B C:\AppServ\www\Desarrollo PHP\IntranetRH\rhumanos\includes\libadodb\adodb\session\adodb-encrypt-secret.php <-- Intranet RH /export/home/erikal/rhumanos/includes/libadodb/adodb/session adodb-encrypt-secret.php
106.08.03 16:47 B C:\AppServ\www\Desarrollo PHP\IntranetRH\rhumanos\includes\libadodb\adodb\session\adodb-encrypt-sha1.php <-- Intranet RH /export/home/erikal/rhumanos/includes/libadodb/adodb/session adodb-encrypt-sha1.php
106.08.03 16:47 B C:\AppServ\www\Desarrollo PHP\IntranetRH\rhumanos\includes\libadodb\adodb\session\adodb-sess.txt <-- Intranet RH /export/home/erikal/rhumanos/includes/libadodb/adodb/session adodb-sess.txt
106.08.03 16:47 B C:\AppServ\www\Desarrollo PHP\IntranetRH\rhumanos\includes\libadodb\adodb\session\adodb-session-clob.php <-- Intranet RH /export/home/erikal/rhumanos/includes/libadodb/adodb/session adodb-session-clob.php
106.08.03 16:47 B C:\AppServ\www\Desarrollo PHP\IntranetRH\rhumanos\includes\libadodb\adodb\session\adodb-session.php <-- Intranet RH /export/home/erikal/rhumanos/includes/libadodb/adodb/session adodb-session.php
106.08.03 16:47 B C:\AppServ\www\Desarrollo PHP\IntranetRH\rhumanos\includes\libadodb\adodb\session\adodb-sessions.mysql.sql <-- Intranet RH /export/home/erikal/rhumanos/includes/libadodb/adodb/session adodb-sessions.mysql.sql
106.08.03 16:47 B C:\AppServ\www\Desarrollo PHP\IntranetRH\rhumanos\includes\libadodb\adodb\session\adodb-sessions.oracle.clob.sql <-- Intranet RH /export/home/erikal/rhumanos/includes/libadodb/adodb/session adodb-sessions.oracle.clob.sql
106.08.03 16:47 B C:\AppServ\www\Desarrollo PHP\IntranetRH\rhumanos\includes\libadodb\adodb\session\adodb-sessions.oracle.sql <-- Intranet RH /export/home/erikal/rhumanos/includes/libadodb/adodb/session adodb-sessions.oracle.sql
106.08.03 16:47 B C:\AppServ\www\Desarrollo PHP\IntranetRH\rhumanos\includes\libadodb\adodb\session\crypt.inc.php <-- Intranet RH /export/home/erikal/rhumanos/includes/libadodb/adodb/session crypt.inc.php
106.08.03 16:47 B C:\AppServ\www\Desarrollo PHP\IntranetRH\rhumanos\includes\libadodb\adodb\session\session_schema.xml <-- Intranet RH /export/home/erikal/rhumanos/includes/libadodb/adodb/session session_schema.xml
106.08.03 16:48 B C:\AppServ\www\Desarrollo PHP\IntranetRH\rhumanos\includes\libadodb\adodb\session\adodb-compress-bzip2.php --> redportal.reduno.com.mx /export/home/erikal/apache/htdocs/rhumanos/includes/libadodb/adodb/session adodb-compress-bzip2.php
106.08.03 16:48 B C:\AppServ\www\Desarrollo PHP\IntranetRH\rhumanos\includes\libadodb\adodb\session\adodb-compress-gzip.php --> redportal.reduno.com.mx /export/home/erikal/apache/htdocs/rhumanos/includes/libadodb/adodb/session adodb-compress-gzip.php
106.08.03 16:48 B C:\AppServ\www\Desarrollo PHP\IntranetRH\rhumanos\includes\libadodb\adodb\session\adodb-cryptsession.php --> redportal.reduno.com.mx /export/home/erikal/apache/htdocs/rhumanos/includes/libadodb/adodb/session adodb-cryptsession.php
106.08.03 16:48 B C:\AppServ\www\Desarrollo PHP\IntranetRH\rhumanos\includes\libadodb\adodb\session\adodb-encrypt-mcrypt.php --> redportal.reduno.com.mx /export/home/erikal/apache/htdocs/rhumanos/includes/libadodb/adodb/session adodb-encrypt-mcrypt.php
106.08.03 16:48 B C:\AppServ\www\Desarrollo PHP\IntranetRH\rhumanos\includes\libadodb\adodb\session\adodb-encrypt-md5.php --> redportal.reduno.com.mx /export/home/erikal/apache/htdocs/rhumanos/includes/libadodb/adodb/session adodb-encrypt-md5.php
106.08.03 16:48 B C:\AppServ\www\Desarrollo PHP\IntranetRH\rhumanos\includes\libadodb\adodb\session\adodb-encrypt-secret.php --> redportal.reduno.com.mx /export/home/erikal/apache/htdocs/rhumanos/includes/libadodb/adodb/session adodb-encrypt-secret.php
106.08.03 16:48 B C:\AppServ\www\Desarrollo PHP\IntranetRH\rhumanos\includes\libadodb\adodb\session\adodb-encrypt-sha1.php --> redportal.reduno.com.mx /export/home/erikal/apache/htdocs/rhumanos/includes/libadodb/adodb/session adodb-encrypt-sha1.php
106.08.03 16:48 B C:\AppServ\www\Desarrollo PHP\IntranetRH\rhumanos\includes\libadodb\adodb\session\adodb-sess.txt --> redportal.reduno.com.mx /export/home/erikal/apache/htdocs/rhumanos/includes/libadodb/adodb/session adodb-sess.txt
106.08.03 16:48 B C:\AppServ\www\Desarrollo PHP\IntranetRH\rhumanos\includes\libadodb\adodb\session\adodb-session-clob.php --> redportal.reduno.com.mx /export/home/erikal/apache/htdocs/rhumanos/includes/libadodb/adodb/session adodb-session-clob.php
106.08.03 16:48 B C:\AppServ\www\Desarrollo PHP\IntranetRH\rhumanos\includes\libadodb\adodb\session\adodb-session.php --> redportal.reduno.com.mx /export/home/erikal/apache/htdocs/rhumanos/includes/libadodb/adodb/session adodb-session.php
106.08.03 16:48 B C:\AppServ\www\Desarrollo PHP\IntranetRH\rhumanos\includes\libadodb\adodb\session\adodb-sessions.mysql.sql --> redportal.reduno.com.mx /export/home/erikal/apache/htdocs/rhumanos/includes/libadodb/adodb/session adodb-sessions.mysql.sql
106.08.03 16:48 B C:\AppServ\www\Desarrollo PHP\IntranetRH\rhumanos\includes\libadodb\adodb\session\adodb-sessions.oracle.clob.sql --> redportal.reduno.com.mx /export/home/erikal/apache/htdocs/rhumanos/includes/libadodb/adodb/session adodb-sessions.oracle.clob.sql
106.08.03 16:48 B C:\AppServ\www\Desarrollo PHP\IntranetRH\rhumanos\includes\libadodb\adodb\session\adodb-sessions.oracle.sql --> redportal.reduno.com.mx /export/home/erikal/apache/htdocs/rhumanos/includes/libadodb/adodb/session adodb-sessions.oracle.sql
106.08.03 16:48 B C:\AppServ\www\Desarrollo PHP\IntranetRH\rhumanos\includes\libadodb\adodb\session\crypt.inc.php --> redportal.reduno.com.mx /export/home/erikal/apache/htdocs/rhumanos/includes/libadodb/adodb/session crypt.inc.php
106.08.03 16:48 B C:\AppServ\www\Desarrollo PHP\IntranetRH\rhumanos\includes\libadodb\adodb\session\session_schema.xml --> redportal.reduno.com.mx /export/home/erikal/apache/htdocs/rhumanos/includes/libadodb/adodb/session session_schema.xml
106.08.03 16:48 B C:\AppServ\www\Desarrollo PHP\IntranetRH\rhumanos\includes\libadodb\adodb\session\WS_FTP.LOG --> redportal.reduno.com.mx /export/home/erikal/apache/htdocs/rhumanos/includes/libadodb/adodb/session WS_FTP.LOG
106.12.07 10:52 B C:\AppServ\www\Desarrollo PHP\IntranetRH\rhumanos\includes\libadodb\adodb\session\adodb-compress-bzip2.php --> redportal.reduno.com.mx /export/home/webuser/rhumanos/includes/libadodb/adodb/session adodb-compress-bzip2.php
106.12.07 10:52 B C:\AppServ\www\Desarrollo PHP\IntranetRH\rhumanos\includes\libadodb\adodb\session\adodb-compress-gzip.php --> redportal.reduno.com.mx /export/home/webuser/rhumanos/includes/libadodb/adodb/session adodb-compress-gzip.php
106.12.07 10:52 B C:\AppServ\www\Desarrollo PHP\IntranetRH\rhumanos\includes\libadodb\adodb\session\adodb-cryptsession.php --> redportal.reduno.com.mx /export/home/webuser/rhumanos/includes/libadodb/adodb/session adodb-cryptsession.php
106.12.07 10:52 B C:\AppServ\www\Desarrollo PHP\IntranetRH\rhumanos\includes\libadodb\adodb\session\adodb-encrypt-mcrypt.php --> redportal.reduno.com.mx /export/home/webuser/rhumanos/includes/libadodb/adodb/session adodb-encrypt-mcrypt.php
106.12.07 10:52 B C:\AppServ\www\Desarrollo PHP\IntranetRH\rhumanos\includes\libadodb\adodb\session\adodb-encrypt-md5.php --> redportal.reduno.com.mx /export/home/webuser/rhumanos/includes/libadodb/adodb/session adodb-encrypt-md5.php
106.12.07 10:52 B C:\AppServ\www\Desarrollo PHP\IntranetRH\rhumanos\includes\libadodb\adodb\session\adodb-encrypt-secret.php --> redportal.reduno.com.mx /export/home/webuser/rhumanos/includes/libadodb/adodb/session adodb-encrypt-secret.php
106.12.07 10:52 B C:\AppServ\www\Desarrollo PHP\IntranetRH\rhumanos\includes\libadodb\adodb\session\adodb-encrypt-sha1.php --> redportal.reduno.com.mx /export/home/webuser/rhumanos/includes/libadodb/adodb/session adodb-encrypt-sha1.php
106.12.07 10:52 B C:\AppServ\www\Desarrollo PHP\IntranetRH\rhumanos\includes\libadodb\adodb\session\adodb-sess.txt --> redportal.reduno.com.mx /export/home/webuser/rhumanos/includes/libadodb/adodb/session adodb-sess.txt
106.12.07 10:52 B C:\AppServ\www\Desarrollo PHP\IntranetRH\rhumanos\includes\libadodb\adodb\session\adodb-session-clob.php --> redportal.reduno.com.mx /export/home/webuser/rhumanos/includes/libadodb/adodb/session adodb-session-clob.php
106.12.07 10:52 B C:\AppServ\www\Desarrollo PHP\IntranetRH\rhumanos\includes\libadodb\adodb\session\adodb-session.php --> redportal.reduno.com.mx /export/home/webuser/rhumanos/includes/libadodb/adodb/session adodb-session.php
106.12.07 10:52 B C:\AppServ\www\Desarrollo PHP\IntranetRH\rhumanos\includes\libadodb\adodb\session\adodb-sessions.mysql.sql --> redportal.reduno.com.mx /export/home/webuser/rhumanos/includes/libadodb/adodb/session adodb-sessions.mysql.sql
106.12.07 10:52 B C:\AppServ\www\Desarrollo PHP\IntranetRH\rhumanos\includes\libadodb\adodb\session\adodb-sessions.oracle.clob.sql --> redportal.reduno.com.mx /export/home/webuser/rhumanos/includes/libadodb/adodb/session adodb-sessions.oracle.clob.sql
106.12.07 10:52 B C:\AppServ\www\Desarrollo PHP\IntranetRH\rhumanos\includes\libadodb\adodb\session\adodb-sessions.oracle.sql --> redportal.reduno.com.mx /export/home/webuser/rhumanos/includes/libadodb/adodb/session adodb-sessions.oracle.sql
106.12.07 10:52 B C:\AppServ\www\Desarrollo PHP\IntranetRH\rhumanos\includes\libadodb\adodb\session\crypt.inc.php --> redportal.reduno.com.mx /export/home/webuser/rhumanos/includes/libadodb/adodb/session crypt.inc.php
106.12.07 10:52 B C:\AppServ\www\Desarrollo PHP\IntranetRH\rhumanos\includes\libadodb\adodb\session\session_schema.xml --> redportal.reduno.com.mx /export/home/webuser/rhumanos/includes/libadodb/adodb/session session_schema.xml
107.05.07 14:02 B C:\UNIX\INTRANET\servidor\includes\libadodb\adodb\session\WS_FTP.LOG <-- redportal.reduno.com.mx INTRANET /export/home/webuser/apache/htdocs/rhumanos/includes/libadodb/adodb/session WS_FTP.LOG
