106.08.03 16:47 B C:\AppServ\www\Desarrollo PHP\IntranetRH\rhumanos\includes\libadodb\adodb\xsl\convert-0.1-0.2.xsl <-- Intranet RH /export/home/erikal/rhumanos/includes/libadodb/adodb/xsl convert-0.1-0.2.xsl
106.08.03 16:47 B C:\AppServ\www\Desarrollo PHP\IntranetRH\rhumanos\includes\libadodb\adodb\xsl\convert-0.1-0.3.xsl <-- Intranet RH /export/home/erikal/rhumanos/includes/libadodb/adodb/xsl convert-0.1-0.3.xsl
106.08.03 16:47 B C:\AppServ\www\Desarrollo PHP\IntranetRH\rhumanos\includes\libadodb\adodb\xsl\convert-0.2-0.1.xsl <-- Intranet RH /export/home/erikal/rhumanos/includes/libadodb/adodb/xsl convert-0.2-0.1.xsl
106.08.03 16:47 B C:\AppServ\www\Desarrollo PHP\IntranetRH\rhumanos\includes\libadodb\adodb\xsl\convert-0.2-0.3.xsl <-- Intranet RH /export/home/erikal/rhumanos/includes/libadodb/adodb/xsl convert-0.2-0.3.xsl
106.08.03 16:47 B C:\AppServ\www\Desarrollo PHP\IntranetRH\rhumanos\includes\libadodb\adodb\xsl\remove-0.2.xsl <-- Intranet RH /export/home/erikal/rhumanos/includes/libadodb/adodb/xsl remove-0.2.xsl
106.08.03 16:47 B C:\AppServ\www\Desarrollo PHP\IntranetRH\rhumanos\includes\libadodb\adodb\xsl\remove-0.3.xsl <-- Intranet RH /export/home/erikal/rhumanos/includes/libadodb/adodb/xsl remove-0.3.xsl
106.08.03 16:49 B C:\AppServ\www\Desarrollo PHP\IntranetRH\rhumanos\includes\libadodb\adodb\xsl\convert-0.1-0.2.xsl --> redportal.reduno.com.mx /export/home/erikal/apache/htdocs/rhumanos/includes/libadodb/adodb/xsl convert-0.1-0.2.xsl
106.08.03 16:49 B C:\AppServ\www\Desarrollo PHP\IntranetRH\rhumanos\includes\libadodb\adodb\xsl\convert-0.1-0.3.xsl --> redportal.reduno.com.mx /export/home/erikal/apache/htdocs/rhumanos/includes/libadodb/adodb/xsl convert-0.1-0.3.xsl
106.08.03 16:49 B C:\AppServ\www\Desarrollo PHP\IntranetRH\rhumanos\includes\libadodb\adodb\xsl\convert-0.2-0.1.xsl --> redportal.reduno.com.mx /export/home/erikal/apache/htdocs/rhumanos/includes/libadodb/adodb/xsl convert-0.2-0.1.xsl
106.08.03 16:49 B C:\AppServ\www\Desarrollo PHP\IntranetRH\rhumanos\includes\libadodb\adodb\xsl\convert-0.2-0.3.xsl --> redportal.reduno.com.mx /export/home/erikal/apache/htdocs/rhumanos/includes/libadodb/adodb/xsl convert-0.2-0.3.xsl
106.08.03 16:49 B C:\AppServ\www\Desarrollo PHP\IntranetRH\rhumanos\includes\libadodb\adodb\xsl\remove-0.2.xsl --> redportal.reduno.com.mx /export/home/erikal/apache/htdocs/rhumanos/includes/libadodb/adodb/xsl remove-0.2.xsl
106.08.03 16:49 B C:\AppServ\www\Desarrollo PHP\IntranetRH\rhumanos\includes\libadodb\adodb\xsl\remove-0.3.xsl --> redportal.reduno.com.mx /export/home/erikal/apache/htdocs/rhumanos/includes/libadodb/adodb/xsl remove-0.3.xsl
106.08.03 16:49 B C:\AppServ\www\Desarrollo PHP\IntranetRH\rhumanos\includes\libadodb\adodb\xsl\WS_FTP.LOG --> redportal.reduno.com.mx /export/home/erikal/apache/htdocs/rhumanos/includes/libadodb/adodb/xsl WS_FTP.LOG
106.12.07 10:52 B C:\AppServ\www\Desarrollo PHP\IntranetRH\rhumanos\includes\libadodb\adodb\xsl\convert-0.1-0.2.xsl --> redportal.reduno.com.mx /export/home/webuser/rhumanos/includes/libadodb/adodb/xsl convert-0.1-0.2.xsl
106.12.07 10:52 B C:\AppServ\www\Desarrollo PHP\IntranetRH\rhumanos\includes\libadodb\adodb\xsl\convert-0.1-0.3.xsl --> redportal.reduno.com.mx /export/home/webuser/rhumanos/includes/libadodb/adodb/xsl convert-0.1-0.3.xsl
106.12.07 10:52 B C:\AppServ\www\Desarrollo PHP\IntranetRH\rhumanos\includes\libadodb\adodb\xsl\convert-0.2-0.1.xsl --> redportal.reduno.com.mx /export/home/webuser/rhumanos/includes/libadodb/adodb/xsl convert-0.2-0.1.xsl
106.12.07 10:52 B C:\AppServ\www\Desarrollo PHP\IntranetRH\rhumanos\includes\libadodb\adodb\xsl\convert-0.2-0.3.xsl --> redportal.reduno.com.mx /export/home/webuser/rhumanos/includes/libadodb/adodb/xsl convert-0.2-0.3.xsl
106.12.07 10:52 B C:\AppServ\www\Desarrollo PHP\IntranetRH\rhumanos\includes\libadodb\adodb\xsl\remove-0.2.xsl --> redportal.reduno.com.mx /export/home/webuser/rhumanos/includes/libadodb/adodb/xsl remove-0.2.xsl
106.12.07 10:52 B C:\AppServ\www\Desarrollo PHP\IntranetRH\rhumanos\includes\libadodb\adodb\xsl\remove-0.3.xsl --> redportal.reduno.com.mx /export/home/webuser/rhumanos/includes/libadodb/adodb/xsl remove-0.3.xsl
107.05.07 14:03 B C:\UNIX\INTRANET\servidor\includes\libadodb\adodb\xsl\WS_FTP.LOG <-- redportal.reduno.com.mx INTRANET /export/home/webuser/apache/htdocs/rhumanos/includes/libadodb/adodb/xsl WS_FTP.LOG
