106.08.03 16:46 B C:\AppServ\www\Desarrollo PHP\IntranetRH\rhumanos\includes\libadodb\adodb\docs\docs-active-record.htm <-- Intranet RH /export/home/erikal/rhumanos/includes/libadodb/adodb/docs docs-active-record.htm
106.08.03 16:46 B C:\AppServ\www\Desarrollo PHP\IntranetRH\rhumanos\includes\libadodb\adodb\docs\docs-adodb.htm <-- Intranet RH /export/home/erikal/rhumanos/includes/libadodb/adodb/docs docs-adodb.htm
106.08.03 16:46 B C:\AppServ\www\Desarrollo PHP\IntranetRH\rhumanos\includes\libadodb\adodb\docs\docs-datadict.htm <-- Intranet RH /export/home/erikal/rhumanos/includes/libadodb/adodb/docs docs-datadict.htm
106.08.03 16:46 B C:\AppServ\www\Desarrollo PHP\IntranetRH\rhumanos\includes\libadodb\adodb\docs\docs-oracle.htm <-- Intranet RH /export/home/erikal/rhumanos/includes/libadodb/adodb/docs docs-oracle.htm
106.08.03 16:46 B C:\AppServ\www\Desarrollo PHP\IntranetRH\rhumanos\includes\libadodb\adodb\docs\docs-perf.htm <-- Intranet RH /export/home/erikal/rhumanos/includes/libadodb/adodb/docs docs-perf.htm
106.08.03 16:46 B C:\AppServ\www\Desarrollo PHP\IntranetRH\rhumanos\includes\libadodb\adodb\docs\docs-session.htm <-- Intranet RH /export/home/erikal/rhumanos/includes/libadodb/adodb/docs docs-session.htm
106.08.03 16:46 B C:\AppServ\www\Desarrollo PHP\IntranetRH\rhumanos\includes\libadodb\adodb\docs\old-changelog.htm <-- Intranet RH /export/home/erikal/rhumanos/includes/libadodb/adodb/docs old-changelog.htm
106.08.03 16:46 B C:\AppServ\www\Desarrollo PHP\IntranetRH\rhumanos\includes\libadodb\adodb\docs\readme.htm <-- Intranet RH /export/home/erikal/rhumanos/includes/libadodb/adodb/docs readme.htm
106.08.03 16:46 B C:\AppServ\www\Desarrollo PHP\IntranetRH\rhumanos\includes\libadodb\adodb\docs\tips_portable_sql.htm <-- Intranet RH /export/home/erikal/rhumanos/includes/libadodb/adodb/docs tips_portable_sql.htm
106.08.03 16:46 B C:\AppServ\www\Desarrollo PHP\IntranetRH\rhumanos\includes\libadodb\adodb\docs\tute.htm <-- Intranet RH /export/home/erikal/rhumanos/includes/libadodb/adodb/docs tute.htm
106.08.03 16:48 B C:\AppServ\www\Desarrollo PHP\IntranetRH\rhumanos\includes\libadodb\adodb\docs\docs-active-record.htm --> redportal.reduno.com.mx /export/home/erikal/apache/htdocs/rhumanos/includes/libadodb/adodb/docs docs-active-record.htm
106.08.03 16:48 B C:\AppServ\www\Desarrollo PHP\IntranetRH\rhumanos\includes\libadodb\adodb\docs\docs-adodb.htm --> redportal.reduno.com.mx /export/home/erikal/apache/htdocs/rhumanos/includes/libadodb/adodb/docs docs-adodb.htm
106.08.03 16:48 B C:\AppServ\www\Desarrollo PHP\IntranetRH\rhumanos\includes\libadodb\adodb\docs\docs-datadict.htm --> redportal.reduno.com.mx /export/home/erikal/apache/htdocs/rhumanos/includes/libadodb/adodb/docs docs-datadict.htm
106.08.03 16:48 B C:\AppServ\www\Desarrollo PHP\IntranetRH\rhumanos\includes\libadodb\adodb\docs\docs-oracle.htm --> redportal.reduno.com.mx /export/home/erikal/apache/htdocs/rhumanos/includes/libadodb/adodb/docs docs-oracle.htm
106.08.03 16:48 B C:\AppServ\www\Desarrollo PHP\IntranetRH\rhumanos\includes\libadodb\adodb\docs\docs-perf.htm --> redportal.reduno.com.mx /export/home/erikal/apache/htdocs/rhumanos/includes/libadodb/adodb/docs docs-perf.htm
106.08.03 16:48 B C:\AppServ\www\Desarrollo PHP\IntranetRH\rhumanos\includes\libadodb\adodb\docs\docs-session.htm --> redportal.reduno.com.mx /export/home/erikal/apache/htdocs/rhumanos/includes/libadodb/adodb/docs docs-session.htm
106.08.03 16:48 B C:\AppServ\www\Desarrollo PHP\IntranetRH\rhumanos\includes\libadodb\adodb\docs\old-changelog.htm --> redportal.reduno.com.mx /export/home/erikal/apache/htdocs/rhumanos/includes/libadodb/adodb/docs old-changelog.htm
106.08.03 16:48 B C:\AppServ\www\Desarrollo PHP\IntranetRH\rhumanos\includes\libadodb\adodb\docs\readme.htm --> redportal.reduno.com.mx /export/home/erikal/apache/htdocs/rhumanos/includes/libadodb/adodb/docs readme.htm
106.08.03 16:48 B C:\AppServ\www\Desarrollo PHP\IntranetRH\rhumanos\includes\libadodb\adodb\docs\tips_portable_sql.htm --> redportal.reduno.com.mx /export/home/erikal/apache/htdocs/rhumanos/includes/libadodb/adodb/docs tips_portable_sql.htm
106.08.03 16:48 B C:\AppServ\www\Desarrollo PHP\IntranetRH\rhumanos\includes\libadodb\adodb\docs\tute.htm --> redportal.reduno.com.mx /export/home/erikal/apache/htdocs/rhumanos/includes/libadodb/adodb/docs tute.htm
106.08.03 16:48 B C:\AppServ\www\Desarrollo PHP\IntranetRH\rhumanos\includes\libadodb\adodb\docs\WS_FTP.LOG --> redportal.reduno.com.mx /export/home/erikal/apache/htdocs/rhumanos/includes/libadodb/adodb/docs WS_FTP.LOG
106.12.07 10:51 B C:\AppServ\www\Desarrollo PHP\IntranetRH\rhumanos\includes\libadodb\adodb\docs\docs-active-record.htm --> redportal.reduno.com.mx /export/home/webuser/rhumanos/includes/libadodb/adodb/docs docs-active-record.htm
106.12.07 10:51 B C:\AppServ\www\Desarrollo PHP\IntranetRH\rhumanos\includes\libadodb\adodb\docs\docs-adodb.htm --> redportal.reduno.com.mx /export/home/webuser/rhumanos/includes/libadodb/adodb/docs docs-adodb.htm
106.12.07 10:51 B C:\AppServ\www\Desarrollo PHP\IntranetRH\rhumanos\includes\libadodb\adodb\docs\docs-datadict.htm --> redportal.reduno.com.mx /export/home/webuser/rhumanos/includes/libadodb/adodb/docs docs-datadict.htm
106.12.07 10:51 B C:\AppServ\www\Desarrollo PHP\IntranetRH\rhumanos\includes\libadodb\adodb\docs\docs-oracle.htm --> redportal.reduno.com.mx /export/home/webuser/rhumanos/includes/libadodb/adodb/docs docs-oracle.htm
106.12.07 10:51 B C:\AppServ\www\Desarrollo PHP\IntranetRH\rhumanos\includes\libadodb\adodb\docs\docs-perf.htm --> redportal.reduno.com.mx /export/home/webuser/rhumanos/includes/libadodb/adodb/docs docs-perf.htm
106.12.07 10:51 B C:\AppServ\www\Desarrollo PHP\IntranetRH\rhumanos\includes\libadodb\adodb\docs\docs-session.htm --> redportal.reduno.com.mx /export/home/webuser/rhumanos/includes/libadodb/adodb/docs docs-session.htm
106.12.07 10:51 B C:\AppServ\www\Desarrollo PHP\IntranetRH\rhumanos\includes\libadodb\adodb\docs\old-changelog.htm --> redportal.reduno.com.mx /export/home/webuser/rhumanos/includes/libadodb/adodb/docs old-changelog.htm
106.12.07 10:51 B C:\AppServ\www\Desarrollo PHP\IntranetRH\rhumanos\includes\libadodb\adodb\docs\readme.htm --> redportal.reduno.com.mx /export/home/webuser/rhumanos/includes/libadodb/adodb/docs readme.htm
106.12.07 10:51 B C:\AppServ\www\Desarrollo PHP\IntranetRH\rhumanos\includes\libadodb\adodb\docs\tips_portable_sql.htm --> redportal.reduno.com.mx /export/home/webuser/rhumanos/includes/libadodb/adodb/docs tips_portable_sql.htm
106.12.07 10:51 B C:\AppServ\www\Desarrollo PHP\IntranetRH\rhumanos\includes\libadodb\adodb\docs\tute.htm --> redportal.reduno.com.mx /export/home/webuser/rhumanos/includes/libadodb/adodb/docs tute.htm
107.05.07 14:02 B C:\UNIX\INTRANET\servidor\includes\libadodb\adodb\docs\WS_FTP.LOG <-- redportal.reduno.com.mx INTRANET /export/home/webuser/apache/htdocs/rhumanos/includes/libadodb/adodb/docs WS_FTP.LOG
