106.08.03 16:46 B C:\AppServ\www\Desarrollo PHP\IntranetRH\rhumanos\includes\libadodb\adodb\drivers\adodb-access.inc.php <-- Intranet RH /export/home/erikal/rhumanos/includes/libadodb/adodb/drivers adodb-access.inc.php
106.08.03 16:46 B C:\AppServ\www\Desarrollo PHP\IntranetRH\rhumanos\includes\libadodb\adodb\drivers\adodb-ado.inc.php <-- Intranet RH /export/home/erikal/rhumanos/includes/libadodb/adodb/drivers adodb-ado.inc.php
106.08.03 16:46 B C:\AppServ\www\Desarrollo PHP\IntranetRH\rhumanos\includes\libadodb\adodb\drivers\adodb-ado5.inc.php <-- Intranet RH /export/home/erikal/rhumanos/includes/libadodb/adodb/drivers adodb-ado5.inc.php
106.08.03 16:46 B C:\AppServ\www\Desarrollo PHP\IntranetRH\rhumanos\includes\libadodb\adodb\drivers\adodb-ado_access.inc.php <-- Intranet RH /export/home/erikal/rhumanos/includes/libadodb/adodb/drivers adodb-ado_access.inc.php
106.08.03 16:46 B C:\AppServ\www\Desarrollo PHP\IntranetRH\rhumanos\includes\libadodb\adodb\drivers\adodb-ado_mssql.inc.php <-- Intranet RH /export/home/erikal/rhumanos/includes/libadodb/adodb/drivers adodb-ado_mssql.inc.php
106.08.03 16:46 B C:\AppServ\www\Desarrollo PHP\IntranetRH\rhumanos\includes\libadodb\adodb\drivers\adodb-borland_ibase.inc.php <-- Intranet RH /export/home/erikal/rhumanos/includes/libadodb/adodb/drivers adodb-borland_ibase.inc.php
106.08.03 16:46 B C:\AppServ\www\Desarrollo PHP\IntranetRH\rhumanos\includes\libadodb\adodb\drivers\adodb-csv.inc.php <-- Intranet RH /export/home/erikal/rhumanos/includes/libadodb/adodb/drivers adodb-csv.inc.php
106.08.03 16:46 B C:\AppServ\www\Desarrollo PHP\IntranetRH\rhumanos\includes\libadodb\adodb\drivers\adodb-db2.inc.php <-- Intranet RH /export/home/erikal/rhumanos/includes/libadodb/adodb/drivers adodb-db2.inc.php
106.08.03 16:46 B C:\AppServ\www\Desarrollo PHP\IntranetRH\rhumanos\includes\libadodb\adodb\drivers\adodb-fbsql.inc.php <-- Intranet RH /export/home/erikal/rhumanos/includes/libadodb/adodb/drivers adodb-fbsql.inc.php
106.08.03 16:46 B C:\AppServ\www\Desarrollo PHP\IntranetRH\rhumanos\includes\libadodb\adodb\drivers\adodb-firebird.inc.php <-- Intranet RH /export/home/erikal/rhumanos/includes/libadodb/adodb/drivers adodb-firebird.inc.php
106.08.03 16:46 B C:\AppServ\www\Desarrollo PHP\IntranetRH\rhumanos\includes\libadodb\adodb\drivers\adodb-ibase.inc.php <-- Intranet RH /export/home/erikal/rhumanos/includes/libadodb/adodb/drivers adodb-ibase.inc.php
106.08.03 16:46 B C:\AppServ\www\Desarrollo PHP\IntranetRH\rhumanos\includes\libadodb\adodb\drivers\adodb-informix.inc.php <-- Intranet RH /export/home/erikal/rhumanos/includes/libadodb/adodb/drivers adodb-informix.inc.php
106.08.03 16:46 B C:\AppServ\www\Desarrollo PHP\IntranetRH\rhumanos\includes\libadodb\adodb\drivers\adodb-informix72.inc.php <-- Intranet RH /export/home/erikal/rhumanos/includes/libadodb/adodb/drivers adodb-informix72.inc.php
106.08.03 16:46 B C:\AppServ\www\Desarrollo PHP\IntranetRH\rhumanos\includes\libadodb\adodb\drivers\adodb-ldap.inc.php <-- Intranet RH /export/home/erikal/rhumanos/includes/libadodb/adodb/drivers adodb-ldap.inc.php
106.08.03 16:46 B C:\AppServ\www\Desarrollo PHP\IntranetRH\rhumanos\includes\libadodb\adodb\drivers\adodb-mssql.inc.php <-- Intranet RH /export/home/erikal/rhumanos/includes/libadodb/adodb/drivers adodb-mssql.inc.php
106.08.03 16:46 B C:\AppServ\www\Desarrollo PHP\IntranetRH\rhumanos\includes\libadodb\adodb\drivers\adodb-mssqlpo.inc.php <-- Intranet RH /export/home/erikal/rhumanos/includes/libadodb/adodb/drivers adodb-mssqlpo.inc.php
106.08.03 16:46 B C:\AppServ\www\Desarrollo PHP\IntranetRH\rhumanos\includes\libadodb\adodb\drivers\adodb-mysql.inc.php <-- Intranet RH /export/home/erikal/rhumanos/includes/libadodb/adodb/drivers adodb-mysql.inc.php
106.08.03 16:46 B C:\AppServ\www\Desarrollo PHP\IntranetRH\rhumanos\includes\libadodb\adodb\drivers\adodb-mysqli.inc.php <-- Intranet RH /export/home/erikal/rhumanos/includes/libadodb/adodb/drivers adodb-mysqli.inc.php
106.08.03 16:46 B C:\AppServ\www\Desarrollo PHP\IntranetRH\rhumanos\includes\libadodb\adodb\drivers\adodb-mysqlt.inc.php <-- Intranet RH /export/home/erikal/rhumanos/includes/libadodb/adodb/drivers adodb-mysqlt.inc.php
106.08.03 16:46 B C:\AppServ\www\Desarrollo PHP\IntranetRH\rhumanos\includes\libadodb\adodb\drivers\adodb-netezza.inc.php <-- Intranet RH /export/home/erikal/rhumanos/includes/libadodb/adodb/drivers adodb-netezza.inc.php
106.08.03 16:46 B C:\AppServ\www\Desarrollo PHP\IntranetRH\rhumanos\includes\libadodb\adodb\drivers\adodb-oci8.inc.php <-- Intranet RH /export/home/erikal/rhumanos/includes/libadodb/adodb/drivers adodb-oci8.inc.php
106.08.03 16:46 B C:\AppServ\www\Desarrollo PHP\IntranetRH\rhumanos\includes\libadodb\adodb\drivers\adodb-oci805.inc.php <-- Intranet RH /export/home/erikal/rhumanos/includes/libadodb/adodb/drivers adodb-oci805.inc.php
106.08.03 16:46 B C:\AppServ\www\Desarrollo PHP\IntranetRH\rhumanos\includes\libadodb\adodb\drivers\adodb-oci8po.inc.php <-- Intranet RH /export/home/erikal/rhumanos/includes/libadodb/adodb/drivers adodb-oci8po.inc.php
106.08.03 16:46 B C:\AppServ\www\Desarrollo PHP\IntranetRH\rhumanos\includes\libadodb\adodb\drivers\adodb-odbc.inc.php <-- Intranet RH /export/home/erikal/rhumanos/includes/libadodb/adodb/drivers adodb-odbc.inc.php
106.08.03 16:46 B C:\AppServ\www\Desarrollo PHP\IntranetRH\rhumanos\includes\libadodb\adodb\drivers\adodb-odbc_db2.inc.php <-- Intranet RH /export/home/erikal/rhumanos/includes/libadodb/adodb/drivers adodb-odbc_db2.inc.php
106.08.03 16:46 B C:\AppServ\www\Desarrollo PHP\IntranetRH\rhumanos\includes\libadodb\adodb\drivers\adodb-odbc_mssql.inc.php <-- Intranet RH /export/home/erikal/rhumanos/includes/libadodb/adodb/drivers adodb-odbc_mssql.inc.php
106.08.03 16:46 B C:\AppServ\www\Desarrollo PHP\IntranetRH\rhumanos\includes\libadodb\adodb\drivers\adodb-odbc_oracle.inc.php <-- Intranet RH /export/home/erikal/rhumanos/includes/libadodb/adodb/drivers adodb-odbc_oracle.inc.php
106.08.03 16:46 B C:\AppServ\www\Desarrollo PHP\IntranetRH\rhumanos\includes\libadodb\adodb\drivers\adodb-odbtp.inc.php <-- Intranet RH /export/home/erikal/rhumanos/includes/libadodb/adodb/drivers adodb-odbtp.inc.php
106.08.03 16:46 B C:\AppServ\www\Desarrollo PHP\IntranetRH\rhumanos\includes\libadodb\adodb\drivers\adodb-odbtp_unicode.inc.php <-- Intranet RH /export/home/erikal/rhumanos/includes/libadodb/adodb/drivers adodb-odbtp_unicode.inc.php
106.08.03 16:46 B C:\AppServ\www\Desarrollo PHP\IntranetRH\rhumanos\includes\libadodb\adodb\drivers\adodb-oracle.inc.php <-- Intranet RH /export/home/erikal/rhumanos/includes/libadodb/adodb/drivers adodb-oracle.inc.php
106.08.03 16:46 B C:\AppServ\www\Desarrollo PHP\IntranetRH\rhumanos\includes\libadodb\adodb\drivers\adodb-pdo.inc.php <-- Intranet RH /export/home/erikal/rhumanos/includes/libadodb/adodb/drivers adodb-pdo.inc.php
106.08.03 16:46 B C:\AppServ\www\Desarrollo PHP\IntranetRH\rhumanos\includes\libadodb\adodb\drivers\adodb-pdo_mssql.inc.php <-- Intranet RH /export/home/erikal/rhumanos/includes/libadodb/adodb/drivers adodb-pdo_mssql.inc.php
106.08.03 16:46 B C:\AppServ\www\Desarrollo PHP\IntranetRH\rhumanos\includes\libadodb\adodb\drivers\adodb-pdo_mysql.inc.php <-- Intranet RH /export/home/erikal/rhumanos/includes/libadodb/adodb/drivers adodb-pdo_mysql.inc.php
106.08.03 16:46 B C:\AppServ\www\Desarrollo PHP\IntranetRH\rhumanos\includes\libadodb\adodb\drivers\adodb-pdo_oci.inc.php <-- Intranet RH /export/home/erikal/rhumanos/includes/libadodb/adodb/drivers adodb-pdo_oci.inc.php
106.08.03 16:46 B C:\AppServ\www\Desarrollo PHP\IntranetRH\rhumanos\includes\libadodb\adodb\drivers\adodb-pdo_pgsql.inc.php <-- Intranet RH /export/home/erikal/rhumanos/includes/libadodb/adodb/drivers adodb-pdo_pgsql.inc.php
106.08.03 16:46 B C:\AppServ\www\Desarrollo PHP\IntranetRH\rhumanos\includes\libadodb\adodb\drivers\adodb-postgres.inc.php <-- Intranet RH /export/home/erikal/rhumanos/includes/libadodb/adodb/drivers adodb-postgres.inc.php
106.08.03 16:46 B C:\AppServ\www\Desarrollo PHP\IntranetRH\rhumanos\includes\libadodb\adodb\drivers\adodb-postgres64.inc.php <-- Intranet RH /export/home/erikal/rhumanos/includes/libadodb/adodb/drivers adodb-postgres64.inc.php
106.08.03 16:46 B C:\AppServ\www\Desarrollo PHP\IntranetRH\rhumanos\includes\libadodb\adodb\drivers\adodb-postgres7.inc.php <-- Intranet RH /export/home/erikal/rhumanos/includes/libadodb/adodb/drivers adodb-postgres7.inc.php
106.08.03 16:46 B C:\AppServ\www\Desarrollo PHP\IntranetRH\rhumanos\includes\libadodb\adodb\drivers\adodb-postgres8.inc.php <-- Intranet RH /export/home/erikal/rhumanos/includes/libadodb/adodb/drivers adodb-postgres8.inc.php
106.08.03 16:46 B C:\AppServ\www\Desarrollo PHP\IntranetRH\rhumanos\includes\libadodb\adodb\drivers\adodb-proxy.inc.php <-- Intranet RH /export/home/erikal/rhumanos/includes/libadodb/adodb/drivers adodb-proxy.inc.php
106.08.03 16:46 B C:\AppServ\www\Desarrollo PHP\IntranetRH\rhumanos\includes\libadodb\adodb\drivers\adodb-sapdb.inc.php <-- Intranet RH /export/home/erikal/rhumanos/includes/libadodb/adodb/drivers adodb-sapdb.inc.php
106.08.03 16:46 B C:\AppServ\www\Desarrollo PHP\IntranetRH\rhumanos\includes\libadodb\adodb\drivers\adodb-sqlanywhere.inc.php <-- Intranet RH /export/home/erikal/rhumanos/includes/libadodb/adodb/drivers adodb-sqlanywhere.inc.php
106.08.03 16:46 B C:\AppServ\www\Desarrollo PHP\IntranetRH\rhumanos\includes\libadodb\adodb\drivers\adodb-sqlite.inc.php <-- Intranet RH /export/home/erikal/rhumanos/includes/libadodb/adodb/drivers adodb-sqlite.inc.php
106.08.03 16:46 B C:\AppServ\www\Desarrollo PHP\IntranetRH\rhumanos\includes\libadodb\adodb\drivers\adodb-sqlitepo.inc.php <-- Intranet RH /export/home/erikal/rhumanos/includes/libadodb/adodb/drivers adodb-sqlitepo.inc.php
106.08.03 16:47 B C:\AppServ\www\Desarrollo PHP\IntranetRH\rhumanos\includes\libadodb\adodb\drivers\adodb-sybase.inc.php <-- Intranet RH /export/home/erikal/rhumanos/includes/libadodb/adodb/drivers adodb-sybase.inc.php
106.08.03 16:47 B C:\AppServ\www\Desarrollo PHP\IntranetRH\rhumanos\includes\libadodb\adodb\drivers\adodb-sybase_ase.inc.php <-- Intranet RH /export/home/erikal/rhumanos/includes/libadodb/adodb/drivers adodb-sybase_ase.inc.php
106.08.03 16:47 B C:\AppServ\www\Desarrollo PHP\IntranetRH\rhumanos\includes\libadodb\adodb\drivers\adodb-vfp.inc.php <-- Intranet RH /export/home/erikal/rhumanos/includes/libadodb/adodb/drivers adodb-vfp.inc.php
106.08.03 16:48 B C:\AppServ\www\Desarrollo PHP\IntranetRH\rhumanos\includes\libadodb\adodb\drivers\adodb-access.inc.php --> redportal.reduno.com.mx /export/home/erikal/apache/htdocs/rhumanos/includes/libadodb/adodb/drivers adodb-access.inc.php
106.08.03 16:48 B C:\AppServ\www\Desarrollo PHP\IntranetRH\rhumanos\includes\libadodb\adodb\drivers\adodb-ado.inc.php --> redportal.reduno.com.mx /export/home/erikal/apache/htdocs/rhumanos/includes/libadodb/adodb/drivers adodb-ado.inc.php
106.08.03 16:48 B C:\AppServ\www\Desarrollo PHP\IntranetRH\rhumanos\includes\libadodb\adodb\drivers\adodb-ado5.inc.php --> redportal.reduno.com.mx /export/home/erikal/apache/htdocs/rhumanos/includes/libadodb/adodb/drivers adodb-ado5.inc.php
106.08.03 16:48 B C:\AppServ\www\Desarrollo PHP\IntranetRH\rhumanos\includes\libadodb\adodb\drivers\adodb-ado_access.inc.php --> redportal.reduno.com.mx /export/home/erikal/apache/htdocs/rhumanos/includes/libadodb/adodb/drivers adodb-ado_access.inc.php
106.08.03 16:48 B C:\AppServ\www\Desarrollo PHP\IntranetRH\rhumanos\includes\libadodb\adodb\drivers\adodb-ado_mssql.inc.php --> redportal.reduno.com.mx /export/home/erikal/apache/htdocs/rhumanos/includes/libadodb/adodb/drivers adodb-ado_mssql.inc.php
106.08.03 16:48 B C:\AppServ\www\Desarrollo PHP\IntranetRH\rhumanos\includes\libadodb\adodb\drivers\adodb-borland_ibase.inc.php --> redportal.reduno.com.mx /export/home/erikal/apache/htdocs/rhumanos/includes/libadodb/adodb/drivers adodb-borland_ibase.inc.php
106.08.03 16:48 B C:\AppServ\www\Desarrollo PHP\IntranetRH\rhumanos\includes\libadodb\adodb\drivers\adodb-csv.inc.php --> redportal.reduno.com.mx /export/home/erikal/apache/htdocs/rhumanos/includes/libadodb/adodb/drivers adodb-csv.inc.php
106.08.03 16:48 B C:\AppServ\www\Desarrollo PHP\IntranetRH\rhumanos\includes\libadodb\adodb\drivers\adodb-db2.inc.php --> redportal.reduno.com.mx /export/home/erikal/apache/htdocs/rhumanos/includes/libadodb/adodb/drivers adodb-db2.inc.php
106.08.03 16:48 B C:\AppServ\www\Desarrollo PHP\IntranetRH\rhumanos\includes\libadodb\adodb\drivers\adodb-fbsql.inc.php --> redportal.reduno.com.mx /export/home/erikal/apache/htdocs/rhumanos/includes/libadodb/adodb/drivers adodb-fbsql.inc.php
106.08.03 16:48 B C:\AppServ\www\Desarrollo PHP\IntranetRH\rhumanos\includes\libadodb\adodb\drivers\adodb-firebird.inc.php --> redportal.reduno.com.mx /export/home/erikal/apache/htdocs/rhumanos/includes/libadodb/adodb/drivers adodb-firebird.inc.php
106.08.03 16:48 B C:\AppServ\www\Desarrollo PHP\IntranetRH\rhumanos\includes\libadodb\adodb\drivers\adodb-ibase.inc.php --> redportal.reduno.com.mx /export/home/erikal/apache/htdocs/rhumanos/includes/libadodb/adodb/drivers adodb-ibase.inc.php
106.08.03 16:48 B C:\AppServ\www\Desarrollo PHP\IntranetRH\rhumanos\includes\libadodb\adodb\drivers\adodb-informix.inc.php --> redportal.reduno.com.mx /export/home/erikal/apache/htdocs/rhumanos/includes/libadodb/adodb/drivers adodb-informix.inc.php
106.08.03 16:48 B C:\AppServ\www\Desarrollo PHP\IntranetRH\rhumanos\includes\libadodb\adodb\drivers\adodb-informix72.inc.php --> redportal.reduno.com.mx /export/home/erikal/apache/htdocs/rhumanos/includes/libadodb/adodb/drivers adodb-informix72.inc.php
106.08.03 16:48 B C:\AppServ\www\Desarrollo PHP\IntranetRH\rhumanos\includes\libadodb\adodb\drivers\adodb-ldap.inc.php --> redportal.reduno.com.mx /export/home/erikal/apache/htdocs/rhumanos/includes/libadodb/adodb/drivers adodb-ldap.inc.php
106.08.03 16:48 B C:\AppServ\www\Desarrollo PHP\IntranetRH\rhumanos\includes\libadodb\adodb\drivers\adodb-mssql.inc.php --> redportal.reduno.com.mx /export/home/erikal/apache/htdocs/rhumanos/includes/libadodb/adodb/drivers adodb-mssql.inc.php
106.08.03 16:48 B C:\AppServ\www\Desarrollo PHP\IntranetRH\rhumanos\includes\libadodb\adodb\drivers\adodb-mssqlpo.inc.php --> redportal.reduno.com.mx /export/home/erikal/apache/htdocs/rhumanos/includes/libadodb/adodb/drivers adodb-mssqlpo.inc.php
106.08.03 16:48 B C:\AppServ\www\Desarrollo PHP\IntranetRH\rhumanos\includes\libadodb\adodb\drivers\adodb-mysql.inc.php --> redportal.reduno.com.mx /export/home/erikal/apache/htdocs/rhumanos/includes/libadodb/adodb/drivers adodb-mysql.inc.php
106.08.03 16:48 B C:\AppServ\www\Desarrollo PHP\IntranetRH\rhumanos\includes\libadodb\adodb\drivers\adodb-mysqli.inc.php --> redportal.reduno.com.mx /export/home/erikal/apache/htdocs/rhumanos/includes/libadodb/adodb/drivers adodb-mysqli.inc.php
106.08.03 16:48 B C:\AppServ\www\Desarrollo PHP\IntranetRH\rhumanos\includes\libadodb\adodb\drivers\adodb-mysqlt.inc.php --> redportal.reduno.com.mx /export/home/erikal/apache/htdocs/rhumanos/includes/libadodb/adodb/drivers adodb-mysqlt.inc.php
106.08.03 16:48 B C:\AppServ\www\Desarrollo PHP\IntranetRH\rhumanos\includes\libadodb\adodb\drivers\adodb-netezza.inc.php --> redportal.reduno.com.mx /export/home/erikal/apache/htdocs/rhumanos/includes/libadodb/adodb/drivers adodb-netezza.inc.php
106.08.03 16:48 B C:\AppServ\www\Desarrollo PHP\IntranetRH\rhumanos\includes\libadodb\adodb\drivers\adodb-oci8.inc.php --> redportal.reduno.com.mx /export/home/erikal/apache/htdocs/rhumanos/includes/libadodb/adodb/drivers adodb-oci8.inc.php
106.08.03 16:48 B C:\AppServ\www\Desarrollo PHP\IntranetRH\rhumanos\includes\libadodb\adodb\drivers\adodb-oci805.inc.php --> redportal.reduno.com.mx /export/home/erikal/apache/htdocs/rhumanos/includes/libadodb/adodb/drivers adodb-oci805.inc.php
106.08.03 16:48 B C:\AppServ\www\Desarrollo PHP\IntranetRH\rhumanos\includes\libadodb\adodb\drivers\adodb-oci8po.inc.php --> redportal.reduno.com.mx /export/home/erikal/apache/htdocs/rhumanos/includes/libadodb/adodb/drivers adodb-oci8po.inc.php
106.08.03 16:48 B C:\AppServ\www\Desarrollo PHP\IntranetRH\rhumanos\includes\libadodb\adodb\drivers\adodb-odbc.inc.php --> redportal.reduno.com.mx /export/home/erikal/apache/htdocs/rhumanos/includes/libadodb/adodb/drivers adodb-odbc.inc.php
106.08.03 16:48 B C:\AppServ\www\Desarrollo PHP\IntranetRH\rhumanos\includes\libadodb\adodb\drivers\adodb-odbc_db2.inc.php --> redportal.reduno.com.mx /export/home/erikal/apache/htdocs/rhumanos/includes/libadodb/adodb/drivers adodb-odbc_db2.inc.php
106.08.03 16:48 B C:\AppServ\www\Desarrollo PHP\IntranetRH\rhumanos\includes\libadodb\adodb\drivers\adodb-odbc_mssql.inc.php --> redportal.reduno.com.mx /export/home/erikal/apache/htdocs/rhumanos/includes/libadodb/adodb/drivers adodb-odbc_mssql.inc.php
106.08.03 16:48 B C:\AppServ\www\Desarrollo PHP\IntranetRH\rhumanos\includes\libadodb\adodb\drivers\adodb-odbc_oracle.inc.php --> redportal.reduno.com.mx /export/home/erikal/apache/htdocs/rhumanos/includes/libadodb/adodb/drivers adodb-odbc_oracle.inc.php
106.08.03 16:48 B C:\AppServ\www\Desarrollo PHP\IntranetRH\rhumanos\includes\libadodb\adodb\drivers\adodb-odbtp.inc.php --> redportal.reduno.com.mx /export/home/erikal/apache/htdocs/rhumanos/includes/libadodb/adodb/drivers adodb-odbtp.inc.php
106.08.03 16:48 B C:\AppServ\www\Desarrollo PHP\IntranetRH\rhumanos\includes\libadodb\adodb\drivers\adodb-odbtp_unicode.inc.php --> redportal.reduno.com.mx /export/home/erikal/apache/htdocs/rhumanos/includes/libadodb/adodb/drivers adodb-odbtp_unicode.inc.php
106.08.03 16:48 B C:\AppServ\www\Desarrollo PHP\IntranetRH\rhumanos\includes\libadodb\adodb\drivers\adodb-oracle.inc.php --> redportal.reduno.com.mx /export/home/erikal/apache/htdocs/rhumanos/includes/libadodb/adodb/drivers adodb-oracle.inc.php
106.08.03 16:48 B C:\AppServ\www\Desarrollo PHP\IntranetRH\rhumanos\includes\libadodb\adodb\drivers\adodb-pdo.inc.php --> redportal.reduno.com.mx /export/home/erikal/apache/htdocs/rhumanos/includes/libadodb/adodb/drivers adodb-pdo.inc.php
106.08.03 16:48 B C:\AppServ\www\Desarrollo PHP\IntranetRH\rhumanos\includes\libadodb\adodb\drivers\adodb-pdo_mssql.inc.php --> redportal.reduno.com.mx /export/home/erikal/apache/htdocs/rhumanos/includes/libadodb/adodb/drivers adodb-pdo_mssql.inc.php
106.08.03 16:48 B C:\AppServ\www\Desarrollo PHP\IntranetRH\rhumanos\includes\libadodb\adodb\drivers\adodb-pdo_mysql.inc.php --> redportal.reduno.com.mx /export/home/erikal/apache/htdocs/rhumanos/includes/libadodb/adodb/drivers adodb-pdo_mysql.inc.php
106.08.03 16:48 B C:\AppServ\www\Desarrollo PHP\IntranetRH\rhumanos\includes\libadodb\adodb\drivers\adodb-pdo_oci.inc.php --> redportal.reduno.com.mx /export/home/erikal/apache/htdocs/rhumanos/includes/libadodb/adodb/drivers adodb-pdo_oci.inc.php
106.08.03 16:48 B C:\AppServ\www\Desarrollo PHP\IntranetRH\rhumanos\includes\libadodb\adodb\drivers\adodb-pdo_pgsql.inc.php --> redportal.reduno.com.mx /export/home/erikal/apache/htdocs/rhumanos/includes/libadodb/adodb/drivers adodb-pdo_pgsql.inc.php
106.08.03 16:48 B C:\AppServ\www\Desarrollo PHP\IntranetRH\rhumanos\includes\libadodb\adodb\drivers\adodb-postgres.inc.php --> redportal.reduno.com.mx /export/home/erikal/apache/htdocs/rhumanos/includes/libadodb/adodb/drivers adodb-postgres.inc.php
106.08.03 16:48 B C:\AppServ\www\Desarrollo PHP\IntranetRH\rhumanos\includes\libadodb\adodb\drivers\adodb-postgres64.inc.php --> redportal.reduno.com.mx /export/home/erikal/apache/htdocs/rhumanos/includes/libadodb/adodb/drivers adodb-postgres64.inc.php
106.08.03 16:48 B C:\AppServ\www\Desarrollo PHP\IntranetRH\rhumanos\includes\libadodb\adodb\drivers\adodb-postgres7.inc.php --> redportal.reduno.com.mx /export/home/erikal/apache/htdocs/rhumanos/includes/libadodb/adodb/drivers adodb-postgres7.inc.php
106.08.03 16:48 B C:\AppServ\www\Desarrollo PHP\IntranetRH\rhumanos\includes\libadodb\adodb\drivers\adodb-postgres8.inc.php --> redportal.reduno.com.mx /export/home/erikal/apache/htdocs/rhumanos/includes/libadodb/adodb/drivers adodb-postgres8.inc.php
106.08.03 16:48 B C:\AppServ\www\Desarrollo PHP\IntranetRH\rhumanos\includes\libadodb\adodb\drivers\adodb-proxy.inc.php --> redportal.reduno.com.mx /export/home/erikal/apache/htdocs/rhumanos/includes/libadodb/adodb/drivers adodb-proxy.inc.php
106.08.03 16:48 B C:\AppServ\www\Desarrollo PHP\IntranetRH\rhumanos\includes\libadodb\adodb\drivers\adodb-sapdb.inc.php --> redportal.reduno.com.mx /export/home/erikal/apache/htdocs/rhumanos/includes/libadodb/adodb/drivers adodb-sapdb.inc.php
106.08.03 16:48 B C:\AppServ\www\Desarrollo PHP\IntranetRH\rhumanos\includes\libadodb\adodb\drivers\adodb-sqlanywhere.inc.php --> redportal.reduno.com.mx /export/home/erikal/apache/htdocs/rhumanos/includes/libadodb/adodb/drivers adodb-sqlanywhere.inc.php
106.08.03 16:48 B C:\AppServ\www\Desarrollo PHP\IntranetRH\rhumanos\includes\libadodb\adodb\drivers\adodb-sqlite.inc.php --> redportal.reduno.com.mx /export/home/erikal/apache/htdocs/rhumanos/includes/libadodb/adodb/drivers adodb-sqlite.inc.php
106.08.03 16:48 B C:\AppServ\www\Desarrollo PHP\IntranetRH\rhumanos\includes\libadodb\adodb\drivers\adodb-sqlitepo.inc.php --> redportal.reduno.com.mx /export/home/erikal/apache/htdocs/rhumanos/includes/libadodb/adodb/drivers adodb-sqlitepo.inc.php
106.08.03 16:48 B C:\AppServ\www\Desarrollo PHP\IntranetRH\rhumanos\includes\libadodb\adodb\drivers\adodb-sybase.inc.php --> redportal.reduno.com.mx /export/home/erikal/apache/htdocs/rhumanos/includes/libadodb/adodb/drivers adodb-sybase.inc.php
106.08.03 16:48 B C:\AppServ\www\Desarrollo PHP\IntranetRH\rhumanos\includes\libadodb\adodb\drivers\adodb-sybase_ase.inc.php --> redportal.reduno.com.mx /export/home/erikal/apache/htdocs/rhumanos/includes/libadodb/adodb/drivers adodb-sybase_ase.inc.php
106.08.03 16:48 B C:\AppServ\www\Desarrollo PHP\IntranetRH\rhumanos\includes\libadodb\adodb\drivers\adodb-vfp.inc.php --> redportal.reduno.com.mx /export/home/erikal/apache/htdocs/rhumanos/includes/libadodb/adodb/drivers adodb-vfp.inc.php
106.08.03 16:48 B C:\AppServ\www\Desarrollo PHP\IntranetRH\rhumanos\includes\libadodb\adodb\drivers\WS_FTP.LOG --> redportal.reduno.com.mx /export/home/erikal/apache/htdocs/rhumanos/includes/libadodb/adodb/drivers WS_FTP.LOG
106.12.07 10:51 B C:\AppServ\www\Desarrollo PHP\IntranetRH\rhumanos\includes\libadodb\adodb\drivers\adodb-access.inc.php --> redportal.reduno.com.mx /export/home/webuser/rhumanos/includes/libadodb/adodb/drivers adodb-access.inc.php
106.12.07 10:51 B C:\AppServ\www\Desarrollo PHP\IntranetRH\rhumanos\includes\libadodb\adodb\drivers\adodb-ado.inc.php --> redportal.reduno.com.mx /export/home/webuser/rhumanos/includes/libadodb/adodb/drivers adodb-ado.inc.php
106.12.07 10:51 B C:\AppServ\www\Desarrollo PHP\IntranetRH\rhumanos\includes\libadodb\adodb\drivers\adodb-ado5.inc.php --> redportal.reduno.com.mx /export/home/webuser/rhumanos/includes/libadodb/adodb/drivers adodb-ado5.inc.php
106.12.07 10:51 B C:\AppServ\www\Desarrollo PHP\IntranetRH\rhumanos\includes\libadodb\adodb\drivers\adodb-ado_access.inc.php --> redportal.reduno.com.mx /export/home/webuser/rhumanos/includes/libadodb/adodb/drivers adodb-ado_access.inc.php
106.12.07 10:51 B C:\AppServ\www\Desarrollo PHP\IntranetRH\rhumanos\includes\libadodb\adodb\drivers\adodb-ado_mssql.inc.php --> redportal.reduno.com.mx /export/home/webuser/rhumanos/includes/libadodb/adodb/drivers adodb-ado_mssql.inc.php
106.12.07 10:51 B C:\AppServ\www\Desarrollo PHP\IntranetRH\rhumanos\includes\libadodb\adodb\drivers\adodb-borland_ibase.inc.php --> redportal.reduno.com.mx /export/home/webuser/rhumanos/includes/libadodb/adodb/drivers adodb-borland_ibase.inc.php
106.12.07 10:51 B C:\AppServ\www\Desarrollo PHP\IntranetRH\rhumanos\includes\libadodb\adodb\drivers\adodb-csv.inc.php --> redportal.reduno.com.mx /export/home/webuser/rhumanos/includes/libadodb/adodb/drivers adodb-csv.inc.php
106.12.07 10:51 B C:\AppServ\www\Desarrollo PHP\IntranetRH\rhumanos\includes\libadodb\adodb\drivers\adodb-db2.inc.php --> redportal.reduno.com.mx /export/home/webuser/rhumanos/includes/libadodb/adodb/drivers adodb-db2.inc.php
106.12.07 10:51 B C:\AppServ\www\Desarrollo PHP\IntranetRH\rhumanos\includes\libadodb\adodb\drivers\adodb-fbsql.inc.php --> redportal.reduno.com.mx /export/home/webuser/rhumanos/includes/libadodb/adodb/drivers adodb-fbsql.inc.php
106.12.07 10:51 B C:\AppServ\www\Desarrollo PHP\IntranetRH\rhumanos\includes\libadodb\adodb\drivers\adodb-firebird.inc.php --> redportal.reduno.com.mx /export/home/webuser/rhumanos/includes/libadodb/adodb/drivers adodb-firebird.inc.php
106.12.07 10:51 B C:\AppServ\www\Desarrollo PHP\IntranetRH\rhumanos\includes\libadodb\adodb\drivers\adodb-ibase.inc.php --> redportal.reduno.com.mx /export/home/webuser/rhumanos/includes/libadodb/adodb/drivers adodb-ibase.inc.php
106.12.07 10:51 B C:\AppServ\www\Desarrollo PHP\IntranetRH\rhumanos\includes\libadodb\adodb\drivers\adodb-informix.inc.php --> redportal.reduno.com.mx /export/home/webuser/rhumanos/includes/libadodb/adodb/drivers adodb-informix.inc.php
106.12.07 10:51 B C:\AppServ\www\Desarrollo PHP\IntranetRH\rhumanos\includes\libadodb\adodb\drivers\adodb-informix72.inc.php --> redportal.reduno.com.mx /export/home/webuser/rhumanos/includes/libadodb/adodb/drivers adodb-informix72.inc.php
106.12.07 10:51 B C:\AppServ\www\Desarrollo PHP\IntranetRH\rhumanos\includes\libadodb\adodb\drivers\adodb-ldap.inc.php --> redportal.reduno.com.mx /export/home/webuser/rhumanos/includes/libadodb/adodb/drivers adodb-ldap.inc.php
106.12.07 10:51 B C:\AppServ\www\Desarrollo PHP\IntranetRH\rhumanos\includes\libadodb\adodb\drivers\adodb-mssql.inc.php --> redportal.reduno.com.mx /export/home/webuser/rhumanos/includes/libadodb/adodb/drivers adodb-mssql.inc.php
106.12.07 10:51 B C:\AppServ\www\Desarrollo PHP\IntranetRH\rhumanos\includes\libadodb\adodb\drivers\adodb-mssqlpo.inc.php --> redportal.reduno.com.mx /export/home/webuser/rhumanos/includes/libadodb/adodb/drivers adodb-mssqlpo.inc.php
106.12.07 10:51 B C:\AppServ\www\Desarrollo PHP\IntranetRH\rhumanos\includes\libadodb\adodb\drivers\adodb-mysql.inc.php --> redportal.reduno.com.mx /export/home/webuser/rhumanos/includes/libadodb/adodb/drivers adodb-mysql.inc.php
106.12.07 10:51 B C:\AppServ\www\Desarrollo PHP\IntranetRH\rhumanos\includes\libadodb\adodb\drivers\adodb-mysqli.inc.php --> redportal.reduno.com.mx /export/home/webuser/rhumanos/includes/libadodb/adodb/drivers adodb-mysqli.inc.php
106.12.07 10:51 B C:\AppServ\www\Desarrollo PHP\IntranetRH\rhumanos\includes\libadodb\adodb\drivers\adodb-mysqlt.inc.php --> redportal.reduno.com.mx /export/home/webuser/rhumanos/includes/libadodb/adodb/drivers adodb-mysqlt.inc.php
106.12.07 10:51 B C:\AppServ\www\Desarrollo PHP\IntranetRH\rhumanos\includes\libadodb\adodb\drivers\adodb-netezza.inc.php --> redportal.reduno.com.mx /export/home/webuser/rhumanos/includes/libadodb/adodb/drivers adodb-netezza.inc.php
106.12.07 10:51 B C:\AppServ\www\Desarrollo PHP\IntranetRH\rhumanos\includes\libadodb\adodb\drivers\adodb-oci8.inc.php --> redportal.reduno.com.mx /export/home/webuser/rhumanos/includes/libadodb/adodb/drivers adodb-oci8.inc.php
106.12.07 10:51 B C:\AppServ\www\Desarrollo PHP\IntranetRH\rhumanos\includes\libadodb\adodb\drivers\adodb-oci805.inc.php --> redportal.reduno.com.mx /export/home/webuser/rhumanos/includes/libadodb/adodb/drivers adodb-oci805.inc.php
106.12.07 10:51 B C:\AppServ\www\Desarrollo PHP\IntranetRH\rhumanos\includes\libadodb\adodb\drivers\adodb-oci8po.inc.php --> redportal.reduno.com.mx /export/home/webuser/rhumanos/includes/libadodb/adodb/drivers adodb-oci8po.inc.php
106.12.07 10:51 B C:\AppServ\www\Desarrollo PHP\IntranetRH\rhumanos\includes\libadodb\adodb\drivers\adodb-odbc.inc.php --> redportal.reduno.com.mx /export/home/webuser/rhumanos/includes/libadodb/adodb/drivers adodb-odbc.inc.php
106.12.07 10:51 B C:\AppServ\www\Desarrollo PHP\IntranetRH\rhumanos\includes\libadodb\adodb\drivers\adodb-odbc_db2.inc.php --> redportal.reduno.com.mx /export/home/webuser/rhumanos/includes/libadodb/adodb/drivers adodb-odbc_db2.inc.php
106.12.07 10:51 B C:\AppServ\www\Desarrollo PHP\IntranetRH\rhumanos\includes\libadodb\adodb\drivers\adodb-odbc_mssql.inc.php --> redportal.reduno.com.mx /export/home/webuser/rhumanos/includes/libadodb/adodb/drivers adodb-odbc_mssql.inc.php
106.12.07 10:51 B C:\AppServ\www\Desarrollo PHP\IntranetRH\rhumanos\includes\libadodb\adodb\drivers\adodb-odbc_oracle.inc.php --> redportal.reduno.com.mx /export/home/webuser/rhumanos/includes/libadodb/adodb/drivers adodb-odbc_oracle.inc.php
106.12.07 10:51 B C:\AppServ\www\Desarrollo PHP\IntranetRH\rhumanos\includes\libadodb\adodb\drivers\adodb-odbtp.inc.php --> redportal.reduno.com.mx /export/home/webuser/rhumanos/includes/libadodb/adodb/drivers adodb-odbtp.inc.php
106.12.07 10:51 B C:\AppServ\www\Desarrollo PHP\IntranetRH\rhumanos\includes\libadodb\adodb\drivers\adodb-odbtp_unicode.inc.php --> redportal.reduno.com.mx /export/home/webuser/rhumanos/includes/libadodb/adodb/drivers adodb-odbtp_unicode.inc.php
106.12.07 10:51 B C:\AppServ\www\Desarrollo PHP\IntranetRH\rhumanos\includes\libadodb\adodb\drivers\adodb-oracle.inc.php --> redportal.reduno.com.mx /export/home/webuser/rhumanos/includes/libadodb/adodb/drivers adodb-oracle.inc.php
106.12.07 10:51 B C:\AppServ\www\Desarrollo PHP\IntranetRH\rhumanos\includes\libadodb\adodb\drivers\adodb-pdo.inc.php --> redportal.reduno.com.mx /export/home/webuser/rhumanos/includes/libadodb/adodb/drivers adodb-pdo.inc.php
106.12.07 10:51 B C:\AppServ\www\Desarrollo PHP\IntranetRH\rhumanos\includes\libadodb\adodb\drivers\adodb-pdo_mssql.inc.php --> redportal.reduno.com.mx /export/home/webuser/rhumanos/includes/libadodb/adodb/drivers adodb-pdo_mssql.inc.php
106.12.07 10:51 B C:\AppServ\www\Desarrollo PHP\IntranetRH\rhumanos\includes\libadodb\adodb\drivers\adodb-pdo_mysql.inc.php --> redportal.reduno.com.mx /export/home/webuser/rhumanos/includes/libadodb/adodb/drivers adodb-pdo_mysql.inc.php
106.12.07 10:51 B C:\AppServ\www\Desarrollo PHP\IntranetRH\rhumanos\includes\libadodb\adodb\drivers\adodb-pdo_oci.inc.php --> redportal.reduno.com.mx /export/home/webuser/rhumanos/includes/libadodb/adodb/drivers adodb-pdo_oci.inc.php
106.12.07 10:51 B C:\AppServ\www\Desarrollo PHP\IntranetRH\rhumanos\includes\libadodb\adodb\drivers\adodb-pdo_pgsql.inc.php --> redportal.reduno.com.mx /export/home/webuser/rhumanos/includes/libadodb/adodb/drivers adodb-pdo_pgsql.inc.php
106.12.07 10:51 B C:\AppServ\www\Desarrollo PHP\IntranetRH\rhumanos\includes\libadodb\adodb\drivers\adodb-postgres.inc.php --> redportal.reduno.com.mx /export/home/webuser/rhumanos/includes/libadodb/adodb/drivers adodb-postgres.inc.php
106.12.07 10:51 B C:\AppServ\www\Desarrollo PHP\IntranetRH\rhumanos\includes\libadodb\adodb\drivers\adodb-postgres64.inc.php --> redportal.reduno.com.mx /export/home/webuser/rhumanos/includes/libadodb/adodb/drivers adodb-postgres64.inc.php
106.12.07 10:51 B C:\AppServ\www\Desarrollo PHP\IntranetRH\rhumanos\includes\libadodb\adodb\drivers\adodb-postgres7.inc.php --> redportal.reduno.com.mx /export/home/webuser/rhumanos/includes/libadodb/adodb/drivers adodb-postgres7.inc.php
106.12.07 10:51 B C:\AppServ\www\Desarrollo PHP\IntranetRH\rhumanos\includes\libadodb\adodb\drivers\adodb-postgres8.inc.php --> redportal.reduno.com.mx /export/home/webuser/rhumanos/includes/libadodb/adodb/drivers adodb-postgres8.inc.php
106.12.07 10:51 B C:\AppServ\www\Desarrollo PHP\IntranetRH\rhumanos\includes\libadodb\adodb\drivers\adodb-proxy.inc.php --> redportal.reduno.com.mx /export/home/webuser/rhumanos/includes/libadodb/adodb/drivers adodb-proxy.inc.php
106.12.07 10:51 B C:\AppServ\www\Desarrollo PHP\IntranetRH\rhumanos\includes\libadodb\adodb\drivers\adodb-sapdb.inc.php --> redportal.reduno.com.mx /export/home/webuser/rhumanos/includes/libadodb/adodb/drivers adodb-sapdb.inc.php
106.12.07 10:51 B C:\AppServ\www\Desarrollo PHP\IntranetRH\rhumanos\includes\libadodb\adodb\drivers\adodb-sqlanywhere.inc.php --> redportal.reduno.com.mx /export/home/webuser/rhumanos/includes/libadodb/adodb/drivers adodb-sqlanywhere.inc.php
106.12.07 10:51 B C:\AppServ\www\Desarrollo PHP\IntranetRH\rhumanos\includes\libadodb\adodb\drivers\adodb-sqlite.inc.php --> redportal.reduno.com.mx /export/home/webuser/rhumanos/includes/libadodb/adodb/drivers adodb-sqlite.inc.php
106.12.07 10:51 B C:\AppServ\www\Desarrollo PHP\IntranetRH\rhumanos\includes\libadodb\adodb\drivers\adodb-sqlitepo.inc.php --> redportal.reduno.com.mx /export/home/webuser/rhumanos/includes/libadodb/adodb/drivers adodb-sqlitepo.inc.php
106.12.07 10:51 B C:\AppServ\www\Desarrollo PHP\IntranetRH\rhumanos\includes\libadodb\adodb\drivers\adodb-sybase.inc.php --> redportal.reduno.com.mx /export/home/webuser/rhumanos/includes/libadodb/adodb/drivers adodb-sybase.inc.php
106.12.07 10:51 B C:\AppServ\www\Desarrollo PHP\IntranetRH\rhumanos\includes\libadodb\adodb\drivers\adodb-sybase_ase.inc.php --> redportal.reduno.com.mx /export/home/webuser/rhumanos/includes/libadodb/adodb/drivers adodb-sybase_ase.inc.php
106.12.07 10:51 B C:\AppServ\www\Desarrollo PHP\IntranetRH\rhumanos\includes\libadodb\adodb\drivers\adodb-vfp.inc.php --> redportal.reduno.com.mx /export/home/webuser/rhumanos/includes/libadodb/adodb/drivers adodb-vfp.inc.php
107.05.07 14:02 B C:\UNIX\INTRANET\servidor\includes\libadodb\adodb\drivers\WS_FTP.LOG <-- redportal.reduno.com.mx INTRANET /export/home/webuser/apache/htdocs/rhumanos/includes/libadodb/adodb/drivers WS_FTP.LOG
