106.08.03 16:47 B C:\AppServ\www\Desarrollo PHP\IntranetRH\rhumanos\includes\libadodb\adodb\adodb-active-record.inc.php <-- Intranet RH /export/home/erikal/rhumanos/includes/libadodb/adodb adodb-active-record.inc.php
106.08.03 16:47 B C:\AppServ\www\Desarrollo PHP\IntranetRH\rhumanos\includes\libadodb\adodb\adodb-csvlib.inc.php <-- Intranet RH /export/home/erikal/rhumanos/includes/libadodb/adodb adodb-csvlib.inc.php
106.08.03 16:47 B C:\AppServ\www\Desarrollo PHP\IntranetRH\rhumanos\includes\libadodb\adodb\adodb-datadict.inc.php <-- Intranet RH /export/home/erikal/rhumanos/includes/libadodb/adodb adodb-datadict.inc.php
106.08.03 16:47 B C:\AppServ\www\Desarrollo PHP\IntranetRH\rhumanos\includes\libadodb\adodb\adodb-error.inc.php <-- Intranet RH /export/home/erikal/rhumanos/includes/libadodb/adodb adodb-error.inc.php
106.08.03 16:47 B C:\AppServ\www\Desarrollo PHP\IntranetRH\rhumanos\includes\libadodb\adodb\adodb-errorhandler.inc.php <-- Intranet RH /export/home/erikal/rhumanos/includes/libadodb/adodb adodb-errorhandler.inc.php
106.08.03 16:47 B C:\AppServ\www\Desarrollo PHP\IntranetRH\rhumanos\includes\libadodb\adodb\adodb-errorpear.inc.php <-- Intranet RH /export/home/erikal/rhumanos/includes/libadodb/adodb adodb-errorpear.inc.php
106.08.03 16:47 B C:\AppServ\www\Desarrollo PHP\IntranetRH\rhumanos\includes\libadodb\adodb\adodb-exceptions.inc.php <-- Intranet RH /export/home/erikal/rhumanos/includes/libadodb/adodb adodb-exceptions.inc.php
106.08.03 16:47 B C:\AppServ\www\Desarrollo PHP\IntranetRH\rhumanos\includes\libadodb\adodb\adodb-iterator.inc.php <-- Intranet RH /export/home/erikal/rhumanos/includes/libadodb/adodb adodb-iterator.inc.php
106.08.03 16:47 B C:\AppServ\www\Desarrollo PHP\IntranetRH\rhumanos\includes\libadodb\adodb\adodb-lib.inc.php <-- Intranet RH /export/home/erikal/rhumanos/includes/libadodb/adodb adodb-lib.inc.php
106.08.03 16:47 B C:\AppServ\www\Desarrollo PHP\IntranetRH\rhumanos\includes\libadodb\adodb\adodb-pager.inc.php <-- Intranet RH /export/home/erikal/rhumanos/includes/libadodb/adodb adodb-pager.inc.php
106.08.03 16:47 B C:\AppServ\www\Desarrollo PHP\IntranetRH\rhumanos\includes\libadodb\adodb\adodb-pear.inc.php <-- Intranet RH /export/home/erikal/rhumanos/includes/libadodb/adodb adodb-pear.inc.php
106.08.03 16:47 B C:\AppServ\www\Desarrollo PHP\IntranetRH\rhumanos\includes\libadodb\adodb\adodb-perf.inc.php <-- Intranet RH /export/home/erikal/rhumanos/includes/libadodb/adodb adodb-perf.inc.php
106.08.03 16:47 B C:\AppServ\www\Desarrollo PHP\IntranetRH\rhumanos\includes\libadodb\adodb\adodb-php4.inc.php <-- Intranet RH /export/home/erikal/rhumanos/includes/libadodb/adodb adodb-php4.inc.php
106.08.03 16:47 B C:\AppServ\www\Desarrollo PHP\IntranetRH\rhumanos\includes\libadodb\adodb\adodb-time.inc.php <-- Intranet RH /export/home/erikal/rhumanos/includes/libadodb/adodb adodb-time.inc.php
106.08.03 16:47 B C:\AppServ\www\Desarrollo PHP\IntranetRH\rhumanos\includes\libadodb\adodb\adodb-xmlschema.inc.php <-- Intranet RH /export/home/erikal/rhumanos/includes/libadodb/adodb adodb-xmlschema.inc.php
106.08.03 16:47 B C:\AppServ\www\Desarrollo PHP\IntranetRH\rhumanos\includes\libadodb\adodb\adodb-xmlschema03.inc.php <-- Intranet RH /export/home/erikal/rhumanos/includes/libadodb/adodb adodb-xmlschema03.inc.php
106.08.03 16:47 B C:\AppServ\www\Desarrollo PHP\IntranetRH\rhumanos\includes\libadodb\adodb\adodb.inc.php <-- Intranet RH /export/home/erikal/rhumanos/includes/libadodb/adodb adodb.inc.php
106.08.03 16:47 B C:\AppServ\www\Desarrollo PHP\IntranetRH\rhumanos\includes\libadodb\adodb\license.txt <-- Intranet RH /export/home/erikal/rhumanos/includes/libadodb/adodb license.txt
106.08.03 16:47 B C:\AppServ\www\Desarrollo PHP\IntranetRH\rhumanos\includes\libadodb\adodb\pivottable.inc.php <-- Intranet RH /export/home/erikal/rhumanos/includes/libadodb/adodb pivottable.inc.php
106.08.03 16:47 B C:\AppServ\www\Desarrollo PHP\IntranetRH\rhumanos\includes\libadodb\adodb\readme.txt <-- Intranet RH /export/home/erikal/rhumanos/includes/libadodb/adodb readme.txt
106.08.03 16:47 B C:\AppServ\www\Desarrollo PHP\IntranetRH\rhumanos\includes\libadodb\adodb\rsfilter.inc.php <-- Intranet RH /export/home/erikal/rhumanos/includes/libadodb/adodb rsfilter.inc.php
106.08.03 16:47 B C:\AppServ\www\Desarrollo PHP\IntranetRH\rhumanos\includes\libadodb\adodb\server.php <-- Intranet RH /export/home/erikal/rhumanos/includes/libadodb/adodb server.php
106.08.03 16:47 B C:\AppServ\www\Desarrollo PHP\IntranetRH\rhumanos\includes\libadodb\adodb\toexport.inc.php <-- Intranet RH /export/home/erikal/rhumanos/includes/libadodb/adodb toexport.inc.php
106.08.03 16:47 B C:\AppServ\www\Desarrollo PHP\IntranetRH\rhumanos\includes\libadodb\adodb\tohtml.inc.php <-- Intranet RH /export/home/erikal/rhumanos/includes/libadodb/adodb tohtml.inc.php
106.08.03 16:47 B C:\AppServ\www\Desarrollo PHP\IntranetRH\rhumanos\includes\libadodb\adodb\xmlschema.dtd <-- Intranet RH /export/home/erikal/rhumanos/includes/libadodb/adodb xmlschema.dtd
106.08.03 16:47 B C:\AppServ\www\Desarrollo PHP\IntranetRH\rhumanos\includes\libadodb\adodb\xmlschema03.dtd <-- Intranet RH /export/home/erikal/rhumanos/includes/libadodb/adodb xmlschema03.dtd
106.08.03 16:49 B C:\AppServ\www\Desarrollo PHP\IntranetRH\rhumanos\includes\libadodb\adodb\adodb-active-record.inc.php --> redportal.reduno.com.mx /export/home/erikal/apache/htdocs/rhumanos/includes/libadodb/adodb adodb-active-record.inc.php
106.08.03 16:49 B C:\AppServ\www\Desarrollo PHP\IntranetRH\rhumanos\includes\libadodb\adodb\adodb-csvlib.inc.php --> redportal.reduno.com.mx /export/home/erikal/apache/htdocs/rhumanos/includes/libadodb/adodb adodb-csvlib.inc.php
106.08.03 16:49 B C:\AppServ\www\Desarrollo PHP\IntranetRH\rhumanos\includes\libadodb\adodb\adodb-datadict.inc.php --> redportal.reduno.com.mx /export/home/erikal/apache/htdocs/rhumanos/includes/libadodb/adodb adodb-datadict.inc.php
106.08.03 16:49 B C:\AppServ\www\Desarrollo PHP\IntranetRH\rhumanos\includes\libadodb\adodb\adodb-error.inc.php --> redportal.reduno.com.mx /export/home/erikal/apache/htdocs/rhumanos/includes/libadodb/adodb adodb-error.inc.php
106.08.03 16:49 B C:\AppServ\www\Desarrollo PHP\IntranetRH\rhumanos\includes\libadodb\adodb\adodb-errorhandler.inc.php --> redportal.reduno.com.mx /export/home/erikal/apache/htdocs/rhumanos/includes/libadodb/adodb adodb-errorhandler.inc.php
106.08.03 16:49 B C:\AppServ\www\Desarrollo PHP\IntranetRH\rhumanos\includes\libadodb\adodb\adodb-errorpear.inc.php --> redportal.reduno.com.mx /export/home/erikal/apache/htdocs/rhumanos/includes/libadodb/adodb adodb-errorpear.inc.php
106.08.03 16:49 B C:\AppServ\www\Desarrollo PHP\IntranetRH\rhumanos\includes\libadodb\adodb\adodb-exceptions.inc.php --> redportal.reduno.com.mx /export/home/erikal/apache/htdocs/rhumanos/includes/libadodb/adodb adodb-exceptions.inc.php
106.08.03 16:49 B C:\AppServ\www\Desarrollo PHP\IntranetRH\rhumanos\includes\libadodb\adodb\adodb-iterator.inc.php --> redportal.reduno.com.mx /export/home/erikal/apache/htdocs/rhumanos/includes/libadodb/adodb adodb-iterator.inc.php
106.08.03 16:49 B C:\AppServ\www\Desarrollo PHP\IntranetRH\rhumanos\includes\libadodb\adodb\adodb-lib.inc.php --> redportal.reduno.com.mx /export/home/erikal/apache/htdocs/rhumanos/includes/libadodb/adodb adodb-lib.inc.php
106.08.03 16:49 B C:\AppServ\www\Desarrollo PHP\IntranetRH\rhumanos\includes\libadodb\adodb\adodb-pager.inc.php --> redportal.reduno.com.mx /export/home/erikal/apache/htdocs/rhumanos/includes/libadodb/adodb adodb-pager.inc.php
106.08.03 16:49 B C:\AppServ\www\Desarrollo PHP\IntranetRH\rhumanos\includes\libadodb\adodb\adodb-pear.inc.php --> redportal.reduno.com.mx /export/home/erikal/apache/htdocs/rhumanos/includes/libadodb/adodb adodb-pear.inc.php
106.08.03 16:49 B C:\AppServ\www\Desarrollo PHP\IntranetRH\rhumanos\includes\libadodb\adodb\adodb-perf.inc.php --> redportal.reduno.com.mx /export/home/erikal/apache/htdocs/rhumanos/includes/libadodb/adodb adodb-perf.inc.php
106.08.03 16:49 B C:\AppServ\www\Desarrollo PHP\IntranetRH\rhumanos\includes\libadodb\adodb\adodb-php4.inc.php --> redportal.reduno.com.mx /export/home/erikal/apache/htdocs/rhumanos/includes/libadodb/adodb adodb-php4.inc.php
106.08.03 16:49 B C:\AppServ\www\Desarrollo PHP\IntranetRH\rhumanos\includes\libadodb\adodb\adodb-time.inc.php --> redportal.reduno.com.mx /export/home/erikal/apache/htdocs/rhumanos/includes/libadodb/adodb adodb-time.inc.php
106.08.03 16:49 B C:\AppServ\www\Desarrollo PHP\IntranetRH\rhumanos\includes\libadodb\adodb\adodb-xmlschema.inc.php --> redportal.reduno.com.mx /export/home/erikal/apache/htdocs/rhumanos/includes/libadodb/adodb adodb-xmlschema.inc.php
106.08.03 16:49 B C:\AppServ\www\Desarrollo PHP\IntranetRH\rhumanos\includes\libadodb\adodb\adodb-xmlschema03.inc.php --> redportal.reduno.com.mx /export/home/erikal/apache/htdocs/rhumanos/includes/libadodb/adodb adodb-xmlschema03.inc.php
106.08.03 16:49 B C:\AppServ\www\Desarrollo PHP\IntranetRH\rhumanos\includes\libadodb\adodb\adodb.inc.php --> redportal.reduno.com.mx /export/home/erikal/apache/htdocs/rhumanos/includes/libadodb/adodb adodb.inc.php
106.08.03 16:49 B C:\AppServ\www\Desarrollo PHP\IntranetRH\rhumanos\includes\libadodb\adodb\license.txt --> redportal.reduno.com.mx /export/home/erikal/apache/htdocs/rhumanos/includes/libadodb/adodb license.txt
106.08.03 16:49 B C:\AppServ\www\Desarrollo PHP\IntranetRH\rhumanos\includes\libadodb\adodb\pivottable.inc.php --> redportal.reduno.com.mx /export/home/erikal/apache/htdocs/rhumanos/includes/libadodb/adodb pivottable.inc.php
106.08.03 16:49 B C:\AppServ\www\Desarrollo PHP\IntranetRH\rhumanos\includes\libadodb\adodb\readme.txt --> redportal.reduno.com.mx /export/home/erikal/apache/htdocs/rhumanos/includes/libadodb/adodb readme.txt
106.08.03 16:49 B C:\AppServ\www\Desarrollo PHP\IntranetRH\rhumanos\includes\libadodb\adodb\rsfilter.inc.php --> redportal.reduno.com.mx /export/home/erikal/apache/htdocs/rhumanos/includes/libadodb/adodb rsfilter.inc.php
106.08.03 16:49 B C:\AppServ\www\Desarrollo PHP\IntranetRH\rhumanos\includes\libadodb\adodb\server.php --> redportal.reduno.com.mx /export/home/erikal/apache/htdocs/rhumanos/includes/libadodb/adodb server.php
106.08.03 16:49 B C:\AppServ\www\Desarrollo PHP\IntranetRH\rhumanos\includes\libadodb\adodb\toexport.inc.php --> redportal.reduno.com.mx /export/home/erikal/apache/htdocs/rhumanos/includes/libadodb/adodb toexport.inc.php
106.08.03 16:49 B C:\AppServ\www\Desarrollo PHP\IntranetRH\rhumanos\includes\libadodb\adodb\tohtml.inc.php --> redportal.reduno.com.mx /export/home/erikal/apache/htdocs/rhumanos/includes/libadodb/adodb tohtml.inc.php
106.08.03 16:49 B C:\AppServ\www\Desarrollo PHP\IntranetRH\rhumanos\includes\libadodb\adodb\WS_FTP.LOG --> redportal.reduno.com.mx /export/home/erikal/apache/htdocs/rhumanos/includes/libadodb/adodb WS_FTP.LOG
106.08.03 16:49 B C:\AppServ\www\Desarrollo PHP\IntranetRH\rhumanos\includes\libadodb\adodb\xmlschema.dtd --> redportal.reduno.com.mx /export/home/erikal/apache/htdocs/rhumanos/includes/libadodb/adodb xmlschema.dtd
106.08.03 16:49 B C:\AppServ\www\Desarrollo PHP\IntranetRH\rhumanos\includes\libadodb\adodb\xmlschema03.dtd --> redportal.reduno.com.mx /export/home/erikal/apache/htdocs/rhumanos/includes/libadodb/adodb xmlschema03.dtd
106.08.07 18:26 B C:\AppServ\www\Desarrollo PHP\IntranetRH\rhumanos\includes\libadodb\adodb\adodb.inc.php --> redportal.reduno.com.mx /export/home/erikal/apache/htdocs/rhumanos/includes/libadodb/adodb adodb.inc.php
106.08.08 17:58 B C:\AppServ\www\Desarrollo PHP\IntranetRH\rhumanos\includes\libadodb\adodb\adodb.inc.php --> redportal.reduno.com.mx /export/home/erikal/apache/htdocs/rhumanos/includes/libadodb/adodb adodb.inc.php
106.12.07 10:52 B C:\AppServ\www\Desarrollo PHP\IntranetRH\rhumanos\includes\libadodb\adodb\adodb-active-record.inc.php --> redportal.reduno.com.mx /export/home/webuser/rhumanos/includes/libadodb/adodb adodb-active-record.inc.php
106.12.07 10:52 B C:\AppServ\www\Desarrollo PHP\IntranetRH\rhumanos\includes\libadodb\adodb\adodb-csvlib.inc.php --> redportal.reduno.com.mx /export/home/webuser/rhumanos/includes/libadodb/adodb adodb-csvlib.inc.php
106.12.07 10:52 B C:\AppServ\www\Desarrollo PHP\IntranetRH\rhumanos\includes\libadodb\adodb\adodb-datadict.inc.php --> redportal.reduno.com.mx /export/home/webuser/rhumanos/includes/libadodb/adodb adodb-datadict.inc.php
106.12.07 10:52 B C:\AppServ\www\Desarrollo PHP\IntranetRH\rhumanos\includes\libadodb\adodb\adodb-error.inc.php --> redportal.reduno.com.mx /export/home/webuser/rhumanos/includes/libadodb/adodb adodb-error.inc.php
106.12.07 10:52 B C:\AppServ\www\Desarrollo PHP\IntranetRH\rhumanos\includes\libadodb\adodb\adodb-errorhandler.inc.php --> redportal.reduno.com.mx /export/home/webuser/rhumanos/includes/libadodb/adodb adodb-errorhandler.inc.php
106.12.07 10:52 B C:\AppServ\www\Desarrollo PHP\IntranetRH\rhumanos\includes\libadodb\adodb\adodb-errorpear.inc.php --> redportal.reduno.com.mx /export/home/webuser/rhumanos/includes/libadodb/adodb adodb-errorpear.inc.php
106.12.07 10:52 B C:\AppServ\www\Desarrollo PHP\IntranetRH\rhumanos\includes\libadodb\adodb\adodb-exceptions.inc.php --> redportal.reduno.com.mx /export/home/webuser/rhumanos/includes/libadodb/adodb adodb-exceptions.inc.php
106.12.07 10:52 B C:\AppServ\www\Desarrollo PHP\IntranetRH\rhumanos\includes\libadodb\adodb\adodb-iterator.inc.php --> redportal.reduno.com.mx /export/home/webuser/rhumanos/includes/libadodb/adodb adodb-iterator.inc.php
106.12.07 10:52 B C:\AppServ\www\Desarrollo PHP\IntranetRH\rhumanos\includes\libadodb\adodb\adodb-lib.inc.php --> redportal.reduno.com.mx /export/home/webuser/rhumanos/includes/libadodb/adodb adodb-lib.inc.php
106.12.07 10:52 B C:\AppServ\www\Desarrollo PHP\IntranetRH\rhumanos\includes\libadodb\adodb\adodb-pager.inc.php --> redportal.reduno.com.mx /export/home/webuser/rhumanos/includes/libadodb/adodb adodb-pager.inc.php
106.12.07 10:52 B C:\AppServ\www\Desarrollo PHP\IntranetRH\rhumanos\includes\libadodb\adodb\adodb-pear.inc.php --> redportal.reduno.com.mx /export/home/webuser/rhumanos/includes/libadodb/adodb adodb-pear.inc.php
106.12.07 10:52 B C:\AppServ\www\Desarrollo PHP\IntranetRH\rhumanos\includes\libadodb\adodb\adodb-perf.inc.php --> redportal.reduno.com.mx /export/home/webuser/rhumanos/includes/libadodb/adodb adodb-perf.inc.php
106.12.07 10:52 B C:\AppServ\www\Desarrollo PHP\IntranetRH\rhumanos\includes\libadodb\adodb\adodb-php4.inc.php --> redportal.reduno.com.mx /export/home/webuser/rhumanos/includes/libadodb/adodb adodb-php4.inc.php
106.12.07 10:52 B C:\AppServ\www\Desarrollo PHP\IntranetRH\rhumanos\includes\libadodb\adodb\adodb-time.inc.php --> redportal.reduno.com.mx /export/home/webuser/rhumanos/includes/libadodb/adodb adodb-time.inc.php
106.12.07 10:52 B C:\AppServ\www\Desarrollo PHP\IntranetRH\rhumanos\includes\libadodb\adodb\adodb-xmlschema.inc.php --> redportal.reduno.com.mx /export/home/webuser/rhumanos/includes/libadodb/adodb adodb-xmlschema.inc.php
106.12.07 10:52 B C:\AppServ\www\Desarrollo PHP\IntranetRH\rhumanos\includes\libadodb\adodb\adodb-xmlschema03.inc.php --> redportal.reduno.com.mx /export/home/webuser/rhumanos/includes/libadodb/adodb adodb-xmlschema03.inc.php
106.12.07 10:52 B C:\AppServ\www\Desarrollo PHP\IntranetRH\rhumanos\includes\libadodb\adodb\adodb.inc.php --> redportal.reduno.com.mx /export/home/webuser/rhumanos/includes/libadodb/adodb adodb.inc.php
106.12.07 10:52 B C:\AppServ\www\Desarrollo PHP\IntranetRH\rhumanos\includes\libadodb\adodb\license.txt --> redportal.reduno.com.mx /export/home/webuser/rhumanos/includes/libadodb/adodb license.txt
106.12.07 10:52 B C:\AppServ\www\Desarrollo PHP\IntranetRH\rhumanos\includes\libadodb\adodb\pivottable.inc.php --> redportal.reduno.com.mx /export/home/webuser/rhumanos/includes/libadodb/adodb pivottable.inc.php
106.12.07 10:52 B C:\AppServ\www\Desarrollo PHP\IntranetRH\rhumanos\includes\libadodb\adodb\readme.txt --> redportal.reduno.com.mx /export/home/webuser/rhumanos/includes/libadodb/adodb readme.txt
106.12.07 10:52 B C:\AppServ\www\Desarrollo PHP\IntranetRH\rhumanos\includes\libadodb\adodb\rsfilter.inc.php --> redportal.reduno.com.mx /export/home/webuser/rhumanos/includes/libadodb/adodb rsfilter.inc.php
106.12.07 10:52 B C:\AppServ\www\Desarrollo PHP\IntranetRH\rhumanos\includes\libadodb\adodb\server.php --> redportal.reduno.com.mx /export/home/webuser/rhumanos/includes/libadodb/adodb server.php
106.12.07 10:52 B C:\AppServ\www\Desarrollo PHP\IntranetRH\rhumanos\includes\libadodb\adodb\toexport.inc.php --> redportal.reduno.com.mx /export/home/webuser/rhumanos/includes/libadodb/adodb toexport.inc.php
106.12.07 10:52 B C:\AppServ\www\Desarrollo PHP\IntranetRH\rhumanos\includes\libadodb\adodb\tohtml.inc.php --> redportal.reduno.com.mx /export/home/webuser/rhumanos/includes/libadodb/adodb tohtml.inc.php
107.05.07 14:03 B C:\UNIX\INTRANET\servidor\includes\libadodb\adodb\WS_FTP.LOG <-- redportal.reduno.com.mx INTRANET /export/home/webuser/apache/htdocs/rhumanos/includes/libadodb/adodb WS_FTP.LOG
107.05.07 14:03 B C:\UNIX\INTRANET\servidor\includes\libadodb\adodb\xmlschema.dtd <-- redportal.reduno.com.mx INTRANET /export/home/webuser/apache/htdocs/rhumanos/includes/libadodb/adodb xmlschema.dtd
107.05.07 14:03 B C:\UNIX\INTRANET\servidor\includes\libadodb\adodb\xmlschema03.dtd <-- redportal.reduno.com.mx INTRANET /export/home/webuser/apache/htdocs/rhumanos/includes/libadodb/adodb xmlschema03.dtd
