106.08.03 16:47 B C:\AppServ\www\Desarrollo PHP\IntranetRH\rhumanos\includes\libadodb\adodb\lang\adodb-ar.inc.php <-- Intranet RH /export/home/erikal/rhumanos/includes/libadodb/adodb/lang adodb-ar.inc.php
106.08.03 16:47 B C:\AppServ\www\Desarrollo PHP\IntranetRH\rhumanos\includes\libadodb\adodb\lang\adodb-bg.inc.php <-- Intranet RH /export/home/erikal/rhumanos/includes/libadodb/adodb/lang adodb-bg.inc.php
106.08.03 16:47 B C:\AppServ\www\Desarrollo PHP\IntranetRH\rhumanos\includes\libadodb\adodb\lang\adodb-bgutf8.inc.php <-- Intranet RH /export/home/erikal/rhumanos/includes/libadodb/adodb/lang adodb-bgutf8.inc.php
106.08.03 16:47 B C:\AppServ\www\Desarrollo PHP\IntranetRH\rhumanos\includes\libadodb\adodb\lang\adodb-ca.inc.php <-- Intranet RH /export/home/erikal/rhumanos/includes/libadodb/adodb/lang adodb-ca.inc.php
106.08.03 16:47 B C:\AppServ\www\Desarrollo PHP\IntranetRH\rhumanos\includes\libadodb\adodb\lang\adodb-cn.inc.php <-- Intranet RH /export/home/erikal/rhumanos/includes/libadodb/adodb/lang adodb-cn.inc.php
106.08.03 16:47 B C:\AppServ\www\Desarrollo PHP\IntranetRH\rhumanos\includes\libadodb\adodb\lang\adodb-cz.inc.php <-- Intranet RH /export/home/erikal/rhumanos/includes/libadodb/adodb/lang adodb-cz.inc.php
106.08.03 16:47 B C:\AppServ\www\Desarrollo PHP\IntranetRH\rhumanos\includes\libadodb\adodb\lang\adodb-da.inc.php <-- Intranet RH /export/home/erikal/rhumanos/includes/libadodb/adodb/lang adodb-da.inc.php
106.08.03 16:47 B C:\AppServ\www\Desarrollo PHP\IntranetRH\rhumanos\includes\libadodb\adodb\lang\adodb-de.inc.php <-- Intranet RH /export/home/erikal/rhumanos/includes/libadodb/adodb/lang adodb-de.inc.php
106.08.03 16:47 B C:\AppServ\www\Desarrollo PHP\IntranetRH\rhumanos\includes\libadodb\adodb\lang\adodb-en.inc.php <-- Intranet RH /export/home/erikal/rhumanos/includes/libadodb/adodb/lang adodb-en.inc.php
106.08.03 16:47 B C:\AppServ\www\Desarrollo PHP\IntranetRH\rhumanos\includes\libadodb\adodb\lang\adodb-es.inc.php <-- Intranet RH /export/home/erikal/rhumanos/includes/libadodb/adodb/lang adodb-es.inc.php
106.08.03 16:47 B C:\AppServ\www\Desarrollo PHP\IntranetRH\rhumanos\includes\libadodb\adodb\lang\adodb-esperanto.inc.php <-- Intranet RH /export/home/erikal/rhumanos/includes/libadodb/adodb/lang adodb-esperanto.inc.php
106.08.03 16:47 B C:\AppServ\www\Desarrollo PHP\IntranetRH\rhumanos\includes\libadodb\adodb\lang\adodb-fr.inc.php <-- Intranet RH /export/home/erikal/rhumanos/includes/libadodb/adodb/lang adodb-fr.inc.php
106.08.03 16:47 B C:\AppServ\www\Desarrollo PHP\IntranetRH\rhumanos\includes\libadodb\adodb\lang\adodb-hu.inc.php <-- Intranet RH /export/home/erikal/rhumanos/includes/libadodb/adodb/lang adodb-hu.inc.php
106.08.03 16:47 B C:\AppServ\www\Desarrollo PHP\IntranetRH\rhumanos\includes\libadodb\adodb\lang\adodb-it.inc.php <-- Intranet RH /export/home/erikal/rhumanos/includes/libadodb/adodb/lang adodb-it.inc.php
106.08.03 16:47 B C:\AppServ\www\Desarrollo PHP\IntranetRH\rhumanos\includes\libadodb\adodb\lang\adodb-nl.inc.php <-- Intranet RH /export/home/erikal/rhumanos/includes/libadodb/adodb/lang adodb-nl.inc.php
106.08.03 16:47 B C:\AppServ\www\Desarrollo PHP\IntranetRH\rhumanos\includes\libadodb\adodb\lang\adodb-pl.inc.php <-- Intranet RH /export/home/erikal/rhumanos/includes/libadodb/adodb/lang adodb-pl.inc.php
106.08.03 16:47 B C:\AppServ\www\Desarrollo PHP\IntranetRH\rhumanos\includes\libadodb\adodb\lang\adodb-pt-br.inc.php <-- Intranet RH /export/home/erikal/rhumanos/includes/libadodb/adodb/lang adodb-pt-br.inc.php
106.08.03 16:47 B C:\AppServ\www\Desarrollo PHP\IntranetRH\rhumanos\includes\libadodb\adodb\lang\adodb-ro.inc.php <-- Intranet RH /export/home/erikal/rhumanos/includes/libadodb/adodb/lang adodb-ro.inc.php
106.08.03 16:47 B C:\AppServ\www\Desarrollo PHP\IntranetRH\rhumanos\includes\libadodb\adodb\lang\adodb-ru1251.inc.php <-- Intranet RH /export/home/erikal/rhumanos/includes/libadodb/adodb/lang adodb-ru1251.inc.php
106.08.03 16:47 B C:\AppServ\www\Desarrollo PHP\IntranetRH\rhumanos\includes\libadodb\adodb\lang\adodb-sv.inc.php <-- Intranet RH /export/home/erikal/rhumanos/includes/libadodb/adodb/lang adodb-sv.inc.php
106.08.03 16:47 B C:\AppServ\www\Desarrollo PHP\IntranetRH\rhumanos\includes\libadodb\adodb\lang\adodb-uk1251.inc.php <-- Intranet RH /export/home/erikal/rhumanos/includes/libadodb/adodb/lang adodb-uk1251.inc.php
106.08.03 16:48 B C:\AppServ\www\Desarrollo PHP\IntranetRH\rhumanos\includes\libadodb\adodb\lang\adodb-ar.inc.php --> redportal.reduno.com.mx /export/home/erikal/apache/htdocs/rhumanos/includes/libadodb/adodb/lang adodb-ar.inc.php
106.08.03 16:48 B C:\AppServ\www\Desarrollo PHP\IntranetRH\rhumanos\includes\libadodb\adodb\lang\adodb-bg.inc.php --> redportal.reduno.com.mx /export/home/erikal/apache/htdocs/rhumanos/includes/libadodb/adodb/lang adodb-bg.inc.php
106.08.03 16:48 B C:\AppServ\www\Desarrollo PHP\IntranetRH\rhumanos\includes\libadodb\adodb\lang\adodb-bgutf8.inc.php --> redportal.reduno.com.mx /export/home/erikal/apache/htdocs/rhumanos/includes/libadodb/adodb/lang adodb-bgutf8.inc.php
106.08.03 16:48 B C:\AppServ\www\Desarrollo PHP\IntranetRH\rhumanos\includes\libadodb\adodb\lang\adodb-ca.inc.php --> redportal.reduno.com.mx /export/home/erikal/apache/htdocs/rhumanos/includes/libadodb/adodb/lang adodb-ca.inc.php
106.08.03 16:48 B C:\AppServ\www\Desarrollo PHP\IntranetRH\rhumanos\includes\libadodb\adodb\lang\adodb-cn.inc.php --> redportal.reduno.com.mx /export/home/erikal/apache/htdocs/rhumanos/includes/libadodb/adodb/lang adodb-cn.inc.php
106.08.03 16:48 B C:\AppServ\www\Desarrollo PHP\IntranetRH\rhumanos\includes\libadodb\adodb\lang\adodb-cz.inc.php --> redportal.reduno.com.mx /export/home/erikal/apache/htdocs/rhumanos/includes/libadodb/adodb/lang adodb-cz.inc.php
106.08.03 16:48 B C:\AppServ\www\Desarrollo PHP\IntranetRH\rhumanos\includes\libadodb\adodb\lang\adodb-da.inc.php --> redportal.reduno.com.mx /export/home/erikal/apache/htdocs/rhumanos/includes/libadodb/adodb/lang adodb-da.inc.php
106.08.03 16:48 B C:\AppServ\www\Desarrollo PHP\IntranetRH\rhumanos\includes\libadodb\adodb\lang\adodb-de.inc.php --> redportal.reduno.com.mx /export/home/erikal/apache/htdocs/rhumanos/includes/libadodb/adodb/lang adodb-de.inc.php
106.08.03 16:48 B C:\AppServ\www\Desarrollo PHP\IntranetRH\rhumanos\includes\libadodb\adodb\lang\adodb-en.inc.php --> redportal.reduno.com.mx /export/home/erikal/apache/htdocs/rhumanos/includes/libadodb/adodb/lang adodb-en.inc.php
106.08.03 16:48 B C:\AppServ\www\Desarrollo PHP\IntranetRH\rhumanos\includes\libadodb\adodb\lang\adodb-es.inc.php --> redportal.reduno.com.mx /export/home/erikal/apache/htdocs/rhumanos/includes/libadodb/adodb/lang adodb-es.inc.php
106.08.03 16:48 B C:\AppServ\www\Desarrollo PHP\IntranetRH\rhumanos\includes\libadodb\adodb\lang\adodb-esperanto.inc.php --> redportal.reduno.com.mx /export/home/erikal/apache/htdocs/rhumanos/includes/libadodb/adodb/lang adodb-esperanto.inc.php
106.08.03 16:48 B C:\AppServ\www\Desarrollo PHP\IntranetRH\rhumanos\includes\libadodb\adodb\lang\adodb-fr.inc.php --> redportal.reduno.com.mx /export/home/erikal/apache/htdocs/rhumanos/includes/libadodb/adodb/lang adodb-fr.inc.php
106.08.03 16:48 B C:\AppServ\www\Desarrollo PHP\IntranetRH\rhumanos\includes\libadodb\adodb\lang\adodb-hu.inc.php --> redportal.reduno.com.mx /export/home/erikal/apache/htdocs/rhumanos/includes/libadodb/adodb/lang adodb-hu.inc.php
106.08.03 16:48 B C:\AppServ\www\Desarrollo PHP\IntranetRH\rhumanos\includes\libadodb\adodb\lang\adodb-it.inc.php --> redportal.reduno.com.mx /export/home/erikal/apache/htdocs/rhumanos/includes/libadodb/adodb/lang adodb-it.inc.php
106.08.03 16:48 B C:\AppServ\www\Desarrollo PHP\IntranetRH\rhumanos\includes\libadodb\adodb\lang\adodb-nl.inc.php --> redportal.reduno.com.mx /export/home/erikal/apache/htdocs/rhumanos/includes/libadodb/adodb/lang adodb-nl.inc.php
106.08.03 16:48 B C:\AppServ\www\Desarrollo PHP\IntranetRH\rhumanos\includes\libadodb\adodb\lang\adodb-pl.inc.php --> redportal.reduno.com.mx /export/home/erikal/apache/htdocs/rhumanos/includes/libadodb/adodb/lang adodb-pl.inc.php
106.08.03 16:48 B C:\AppServ\www\Desarrollo PHP\IntranetRH\rhumanos\includes\libadodb\adodb\lang\adodb-pt-br.inc.php --> redportal.reduno.com.mx /export/home/erikal/apache/htdocs/rhumanos/includes/libadodb/adodb/lang adodb-pt-br.inc.php
106.08.03 16:48 B C:\AppServ\www\Desarrollo PHP\IntranetRH\rhumanos\includes\libadodb\adodb\lang\adodb-ro.inc.php --> redportal.reduno.com.mx /export/home/erikal/apache/htdocs/rhumanos/includes/libadodb/adodb/lang adodb-ro.inc.php
106.08.03 16:48 B C:\AppServ\www\Desarrollo PHP\IntranetRH\rhumanos\includes\libadodb\adodb\lang\adodb-ru1251.inc.php --> redportal.reduno.com.mx /export/home/erikal/apache/htdocs/rhumanos/includes/libadodb/adodb/lang adodb-ru1251.inc.php
106.08.03 16:48 B C:\AppServ\www\Desarrollo PHP\IntranetRH\rhumanos\includes\libadodb\adodb\lang\adodb-sv.inc.php --> redportal.reduno.com.mx /export/home/erikal/apache/htdocs/rhumanos/includes/libadodb/adodb/lang adodb-sv.inc.php
106.08.03 16:48 B C:\AppServ\www\Desarrollo PHP\IntranetRH\rhumanos\includes\libadodb\adodb\lang\adodb-uk1251.inc.php --> redportal.reduno.com.mx /export/home/erikal/apache/htdocs/rhumanos/includes/libadodb/adodb/lang adodb-uk1251.inc.php
106.08.03 16:48 B C:\AppServ\www\Desarrollo PHP\IntranetRH\rhumanos\includes\libadodb\adodb\lang\WS_FTP.LOG --> redportal.reduno.com.mx /export/home/erikal/apache/htdocs/rhumanos/includes/libadodb/adodb/lang WS_FTP.LOG
106.12.07 10:51 B C:\AppServ\www\Desarrollo PHP\IntranetRH\rhumanos\includes\libadodb\adodb\lang\adodb-ar.inc.php --> redportal.reduno.com.mx /export/home/webuser/rhumanos/includes/libadodb/adodb/lang adodb-ar.inc.php
106.12.07 10:51 B C:\AppServ\www\Desarrollo PHP\IntranetRH\rhumanos\includes\libadodb\adodb\lang\adodb-bg.inc.php --> redportal.reduno.com.mx /export/home/webuser/rhumanos/includes/libadodb/adodb/lang adodb-bg.inc.php
106.12.07 10:51 B C:\AppServ\www\Desarrollo PHP\IntranetRH\rhumanos\includes\libadodb\adodb\lang\adodb-bgutf8.inc.php --> redportal.reduno.com.mx /export/home/webuser/rhumanos/includes/libadodb/adodb/lang adodb-bgutf8.inc.php
106.12.07 10:51 B C:\AppServ\www\Desarrollo PHP\IntranetRH\rhumanos\includes\libadodb\adodb\lang\adodb-ca.inc.php --> redportal.reduno.com.mx /export/home/webuser/rhumanos/includes/libadodb/adodb/lang adodb-ca.inc.php
106.12.07 10:51 B C:\AppServ\www\Desarrollo PHP\IntranetRH\rhumanos\includes\libadodb\adodb\lang\adodb-cn.inc.php --> redportal.reduno.com.mx /export/home/webuser/rhumanos/includes/libadodb/adodb/lang adodb-cn.inc.php
106.12.07 10:51 B C:\AppServ\www\Desarrollo PHP\IntranetRH\rhumanos\includes\libadodb\adodb\lang\adodb-cz.inc.php --> redportal.reduno.com.mx /export/home/webuser/rhumanos/includes/libadodb/adodb/lang adodb-cz.inc.php
106.12.07 10:51 B C:\AppServ\www\Desarrollo PHP\IntranetRH\rhumanos\includes\libadodb\adodb\lang\adodb-da.inc.php --> redportal.reduno.com.mx /export/home/webuser/rhumanos/includes/libadodb/adodb/lang adodb-da.inc.php
106.12.07 10:51 B C:\AppServ\www\Desarrollo PHP\IntranetRH\rhumanos\includes\libadodb\adodb\lang\adodb-de.inc.php --> redportal.reduno.com.mx /export/home/webuser/rhumanos/includes/libadodb/adodb/lang adodb-de.inc.php
106.12.07 10:51 B C:\AppServ\www\Desarrollo PHP\IntranetRH\rhumanos\includes\libadodb\adodb\lang\adodb-en.inc.php --> redportal.reduno.com.mx /export/home/webuser/rhumanos/includes/libadodb/adodb/lang adodb-en.inc.php
106.12.07 10:51 B C:\AppServ\www\Desarrollo PHP\IntranetRH\rhumanos\includes\libadodb\adodb\lang\adodb-es.inc.php --> redportal.reduno.com.mx /export/home/webuser/rhumanos/includes/libadodb/adodb/lang adodb-es.inc.php
106.12.07 10:51 B C:\AppServ\www\Desarrollo PHP\IntranetRH\rhumanos\includes\libadodb\adodb\lang\adodb-esperanto.inc.php --> redportal.reduno.com.mx /export/home/webuser/rhumanos/includes/libadodb/adodb/lang adodb-esperanto.inc.php
106.12.07 10:51 B C:\AppServ\www\Desarrollo PHP\IntranetRH\rhumanos\includes\libadodb\adodb\lang\adodb-fr.inc.php --> redportal.reduno.com.mx /export/home/webuser/rhumanos/includes/libadodb/adodb/lang adodb-fr.inc.php
106.12.07 10:51 B C:\AppServ\www\Desarrollo PHP\IntranetRH\rhumanos\includes\libadodb\adodb\lang\adodb-hu.inc.php --> redportal.reduno.com.mx /export/home/webuser/rhumanos/includes/libadodb/adodb/lang adodb-hu.inc.php
106.12.07 10:51 B C:\AppServ\www\Desarrollo PHP\IntranetRH\rhumanos\includes\libadodb\adodb\lang\adodb-it.inc.php --> redportal.reduno.com.mx /export/home/webuser/rhumanos/includes/libadodb/adodb/lang adodb-it.inc.php
106.12.07 10:51 B C:\AppServ\www\Desarrollo PHP\IntranetRH\rhumanos\includes\libadodb\adodb\lang\adodb-nl.inc.php --> redportal.reduno.com.mx /export/home/webuser/rhumanos/includes/libadodb/adodb/lang adodb-nl.inc.php
106.12.07 10:51 B C:\AppServ\www\Desarrollo PHP\IntranetRH\rhumanos\includes\libadodb\adodb\lang\adodb-pl.inc.php --> redportal.reduno.com.mx /export/home/webuser/rhumanos/includes/libadodb/adodb/lang adodb-pl.inc.php
106.12.07 10:51 B C:\AppServ\www\Desarrollo PHP\IntranetRH\rhumanos\includes\libadodb\adodb\lang\adodb-pt-br.inc.php --> redportal.reduno.com.mx /export/home/webuser/rhumanos/includes/libadodb/adodb/lang adodb-pt-br.inc.php
106.12.07 10:51 B C:\AppServ\www\Desarrollo PHP\IntranetRH\rhumanos\includes\libadodb\adodb\lang\adodb-ro.inc.php --> redportal.reduno.com.mx /export/home/webuser/rhumanos/includes/libadodb/adodb/lang adodb-ro.inc.php
106.12.07 10:51 B C:\AppServ\www\Desarrollo PHP\IntranetRH\rhumanos\includes\libadodb\adodb\lang\adodb-ru1251.inc.php --> redportal.reduno.com.mx /export/home/webuser/rhumanos/includes/libadodb/adodb/lang adodb-ru1251.inc.php
106.12.07 10:51 B C:\AppServ\www\Desarrollo PHP\IntranetRH\rhumanos\includes\libadodb\adodb\lang\adodb-sv.inc.php --> redportal.reduno.com.mx /export/home/webuser/rhumanos/includes/libadodb/adodb/lang adodb-sv.inc.php
106.12.07 10:51 B C:\AppServ\www\Desarrollo PHP\IntranetRH\rhumanos\includes\libadodb\adodb\lang\adodb-uk1251.inc.php --> redportal.reduno.com.mx /export/home/webuser/rhumanos/includes/libadodb/adodb/lang adodb-uk1251.inc.php
107.05.07 14:02 B C:\UNIX\INTRANET\servidor\includes\libadodb\adodb\lang\WS_FTP.LOG <-- redportal.reduno.com.mx INTRANET /export/home/webuser/apache/htdocs/rhumanos/includes/libadodb/adodb/lang WS_FTP.LOG
