106.08.03 16:47 B C:\AppServ\www\Desarrollo PHP\IntranetRH\rhumanos\includes\libadodb\adodb\perf\perf-db2.inc.php <-- Intranet RH /export/home/erikal/rhumanos/includes/libadodb/adodb/perf perf-db2.inc.php
106.08.03 16:47 B C:\AppServ\www\Desarrollo PHP\IntranetRH\rhumanos\includes\libadodb\adodb\perf\perf-informix.inc.php <-- Intranet RH /export/home/erikal/rhumanos/includes/libadodb/adodb/perf perf-informix.inc.php
106.08.03 16:47 B C:\AppServ\www\Desarrollo PHP\IntranetRH\rhumanos\includes\libadodb\adodb\perf\perf-mssql.inc.php <-- Intranet RH /export/home/erikal/rhumanos/includes/libadodb/adodb/perf perf-mssql.inc.php
106.08.03 16:47 B C:\AppServ\www\Desarrollo PHP\IntranetRH\rhumanos\includes\libadodb\adodb\perf\perf-mysql.inc.php <-- Intranet RH /export/home/erikal/rhumanos/includes/libadodb/adodb/perf perf-mysql.inc.php
106.08.03 16:47 B C:\AppServ\www\Desarrollo PHP\IntranetRH\rhumanos\includes\libadodb\adodb\perf\perf-oci8.inc.php <-- Intranet RH /export/home/erikal/rhumanos/includes/libadodb/adodb/perf perf-oci8.inc.php
106.08.03 16:47 B C:\AppServ\www\Desarrollo PHP\IntranetRH\rhumanos\includes\libadodb\adodb\perf\perf-postgres.inc.php <-- Intranet RH /export/home/erikal/rhumanos/includes/libadodb/adodb/perf perf-postgres.inc.php
106.08.03 16:48 B C:\AppServ\www\Desarrollo PHP\IntranetRH\rhumanos\includes\libadodb\adodb\perf\perf-db2.inc.php --> redportal.reduno.com.mx /export/home/erikal/apache/htdocs/rhumanos/includes/libadodb/adodb/perf perf-db2.inc.php
106.08.03 16:48 B C:\AppServ\www\Desarrollo PHP\IntranetRH\rhumanos\includes\libadodb\adodb\perf\perf-informix.inc.php --> redportal.reduno.com.mx /export/home/erikal/apache/htdocs/rhumanos/includes/libadodb/adodb/perf perf-informix.inc.php
106.08.03 16:48 B C:\AppServ\www\Desarrollo PHP\IntranetRH\rhumanos\includes\libadodb\adodb\perf\perf-mssql.inc.php --> redportal.reduno.com.mx /export/home/erikal/apache/htdocs/rhumanos/includes/libadodb/adodb/perf perf-mssql.inc.php
106.08.03 16:48 B C:\AppServ\www\Desarrollo PHP\IntranetRH\rhumanos\includes\libadodb\adodb\perf\perf-mysql.inc.php --> redportal.reduno.com.mx /export/home/erikal/apache/htdocs/rhumanos/includes/libadodb/adodb/perf perf-mysql.inc.php
106.08.03 16:48 B C:\AppServ\www\Desarrollo PHP\IntranetRH\rhumanos\includes\libadodb\adodb\perf\perf-oci8.inc.php --> redportal.reduno.com.mx /export/home/erikal/apache/htdocs/rhumanos/includes/libadodb/adodb/perf perf-oci8.inc.php
106.08.03 16:48 B C:\AppServ\www\Desarrollo PHP\IntranetRH\rhumanos\includes\libadodb\adodb\perf\perf-postgres.inc.php --> redportal.reduno.com.mx /export/home/erikal/apache/htdocs/rhumanos/includes/libadodb/adodb/perf perf-postgres.inc.php
106.08.03 16:48 B C:\AppServ\www\Desarrollo PHP\IntranetRH\rhumanos\includes\libadodb\adodb\perf\WS_FTP.LOG --> redportal.reduno.com.mx /export/home/erikal/apache/htdocs/rhumanos/includes/libadodb/adodb/perf WS_FTP.LOG
106.12.07 10:52 B C:\AppServ\www\Desarrollo PHP\IntranetRH\rhumanos\includes\libadodb\adodb\perf\perf-db2.inc.php --> redportal.reduno.com.mx /export/home/webuser/rhumanos/includes/libadodb/adodb/perf perf-db2.inc.php
106.12.07 10:52 B C:\AppServ\www\Desarrollo PHP\IntranetRH\rhumanos\includes\libadodb\adodb\perf\perf-informix.inc.php --> redportal.reduno.com.mx /export/home/webuser/rhumanos/includes/libadodb/adodb/perf perf-informix.inc.php
106.12.07 10:52 B C:\AppServ\www\Desarrollo PHP\IntranetRH\rhumanos\includes\libadodb\adodb\perf\perf-mssql.inc.php --> redportal.reduno.com.mx /export/home/webuser/rhumanos/includes/libadodb/adodb/perf perf-mssql.inc.php
106.12.07 10:52 B C:\AppServ\www\Desarrollo PHP\IntranetRH\rhumanos\includes\libadodb\adodb\perf\perf-mysql.inc.php --> redportal.reduno.com.mx /export/home/webuser/rhumanos/includes/libadodb/adodb/perf perf-mysql.inc.php
106.12.07 10:52 B C:\AppServ\www\Desarrollo PHP\IntranetRH\rhumanos\includes\libadodb\adodb\perf\perf-oci8.inc.php --> redportal.reduno.com.mx /export/home/webuser/rhumanos/includes/libadodb/adodb/perf perf-oci8.inc.php
106.12.07 10:52 B C:\AppServ\www\Desarrollo PHP\IntranetRH\rhumanos\includes\libadodb\adodb\perf\perf-postgres.inc.php --> redportal.reduno.com.mx /export/home/webuser/rhumanos/includes/libadodb/adodb/perf perf-postgres.inc.php
107.05.07 14:02 B C:\UNIX\INTRANET\servidor\includes\libadodb\adodb\perf\WS_FTP.LOG <-- redportal.reduno.com.mx INTRANET /export/home/webuser/apache/htdocs/rhumanos/includes/libadodb/adodb/perf WS_FTP.LOG
