106.08.03 16:46 B C:\AppServ\www\Desarrollo PHP\IntranetRH\rhumanos\includes\libadodb\adodb\datadict\datadict-access.inc.php <-- Intranet RH /export/home/erikal/rhumanos/includes/libadodb/adodb/datadict datadict-access.inc.php
106.08.03 16:46 B C:\AppServ\www\Desarrollo PHP\IntranetRH\rhumanos\includes\libadodb\adodb\datadict\datadict-db2.inc.php <-- Intranet RH /export/home/erikal/rhumanos/includes/libadodb/adodb/datadict datadict-db2.inc.php
106.08.03 16:46 B C:\AppServ\www\Desarrollo PHP\IntranetRH\rhumanos\includes\libadodb\adodb\datadict\datadict-firebird.inc.php <-- Intranet RH /export/home/erikal/rhumanos/includes/libadodb/adodb/datadict datadict-firebird.inc.php
106.08.03 16:46 B C:\AppServ\www\Desarrollo PHP\IntranetRH\rhumanos\includes\libadodb\adodb\datadict\datadict-generic.inc.php <-- Intranet RH /export/home/erikal/rhumanos/includes/libadodb/adodb/datadict datadict-generic.inc.php
106.08.03 16:46 B C:\AppServ\www\Desarrollo PHP\IntranetRH\rhumanos\includes\libadodb\adodb\datadict\datadict-ibase.inc.php <-- Intranet RH /export/home/erikal/rhumanos/includes/libadodb/adodb/datadict datadict-ibase.inc.php
106.08.03 16:46 B C:\AppServ\www\Desarrollo PHP\IntranetRH\rhumanos\includes\libadodb\adodb\datadict\datadict-informix.inc.php <-- Intranet RH /export/home/erikal/rhumanos/includes/libadodb/adodb/datadict datadict-informix.inc.php
106.08.03 16:46 B C:\AppServ\www\Desarrollo PHP\IntranetRH\rhumanos\includes\libadodb\adodb\datadict\datadict-mssql.inc.php <-- Intranet RH /export/home/erikal/rhumanos/includes/libadodb/adodb/datadict datadict-mssql.inc.php
106.08.03 16:46 B C:\AppServ\www\Desarrollo PHP\IntranetRH\rhumanos\includes\libadodb\adodb\datadict\datadict-mysql.inc.php <-- Intranet RH /export/home/erikal/rhumanos/includes/libadodb/adodb/datadict datadict-mysql.inc.php
106.08.03 16:46 B C:\AppServ\www\Desarrollo PHP\IntranetRH\rhumanos\includes\libadodb\adodb\datadict\datadict-oci8.inc.php <-- Intranet RH /export/home/erikal/rhumanos/includes/libadodb/adodb/datadict datadict-oci8.inc.php
106.08.03 16:46 B C:\AppServ\www\Desarrollo PHP\IntranetRH\rhumanos\includes\libadodb\adodb\datadict\datadict-postgres.inc.php <-- Intranet RH /export/home/erikal/rhumanos/includes/libadodb/adodb/datadict datadict-postgres.inc.php
106.08.03 16:46 B C:\AppServ\www\Desarrollo PHP\IntranetRH\rhumanos\includes\libadodb\adodb\datadict\datadict-sapdb.inc.php <-- Intranet RH /export/home/erikal/rhumanos/includes/libadodb/adodb/datadict datadict-sapdb.inc.php
106.08.03 16:46 B C:\AppServ\www\Desarrollo PHP\IntranetRH\rhumanos\includes\libadodb\adodb\datadict\datadict-sybase.inc.php <-- Intranet RH /export/home/erikal/rhumanos/includes/libadodb/adodb/datadict datadict-sybase.inc.php
106.08.03 16:48 B C:\AppServ\www\Desarrollo PHP\IntranetRH\rhumanos\includes\libadodb\adodb\datadict\datadict-access.inc.php --> redportal.reduno.com.mx /export/home/erikal/apache/htdocs/rhumanos/includes/libadodb/adodb/datadict datadict-access.inc.php
106.08.03 16:48 B C:\AppServ\www\Desarrollo PHP\IntranetRH\rhumanos\includes\libadodb\adodb\datadict\datadict-db2.inc.php --> redportal.reduno.com.mx /export/home/erikal/apache/htdocs/rhumanos/includes/libadodb/adodb/datadict datadict-db2.inc.php
106.08.03 16:48 B C:\AppServ\www\Desarrollo PHP\IntranetRH\rhumanos\includes\libadodb\adodb\datadict\datadict-firebird.inc.php --> redportal.reduno.com.mx /export/home/erikal/apache/htdocs/rhumanos/includes/libadodb/adodb/datadict datadict-firebird.inc.php
106.08.03 16:48 B C:\AppServ\www\Desarrollo PHP\IntranetRH\rhumanos\includes\libadodb\adodb\datadict\datadict-generic.inc.php --> redportal.reduno.com.mx /export/home/erikal/apache/htdocs/rhumanos/includes/libadodb/adodb/datadict datadict-generic.inc.php
106.08.03 16:48 B C:\AppServ\www\Desarrollo PHP\IntranetRH\rhumanos\includes\libadodb\adodb\datadict\datadict-ibase.inc.php --> redportal.reduno.com.mx /export/home/erikal/apache/htdocs/rhumanos/includes/libadodb/adodb/datadict datadict-ibase.inc.php
106.08.03 16:48 B C:\AppServ\www\Desarrollo PHP\IntranetRH\rhumanos\includes\libadodb\adodb\datadict\datadict-informix.inc.php --> redportal.reduno.com.mx /export/home/erikal/apache/htdocs/rhumanos/includes/libadodb/adodb/datadict datadict-informix.inc.php
106.08.03 16:48 B C:\AppServ\www\Desarrollo PHP\IntranetRH\rhumanos\includes\libadodb\adodb\datadict\datadict-mssql.inc.php --> redportal.reduno.com.mx /export/home/erikal/apache/htdocs/rhumanos/includes/libadodb/adodb/datadict datadict-mssql.inc.php
106.08.03 16:48 B C:\AppServ\www\Desarrollo PHP\IntranetRH\rhumanos\includes\libadodb\adodb\datadict\datadict-mysql.inc.php --> redportal.reduno.com.mx /export/home/erikal/apache/htdocs/rhumanos/includes/libadodb/adodb/datadict datadict-mysql.inc.php
106.08.03 16:48 B C:\AppServ\www\Desarrollo PHP\IntranetRH\rhumanos\includes\libadodb\adodb\datadict\datadict-oci8.inc.php --> redportal.reduno.com.mx /export/home/erikal/apache/htdocs/rhumanos/includes/libadodb/adodb/datadict datadict-oci8.inc.php
106.08.03 16:48 B C:\AppServ\www\Desarrollo PHP\IntranetRH\rhumanos\includes\libadodb\adodb\datadict\datadict-postgres.inc.php --> redportal.reduno.com.mx /export/home/erikal/apache/htdocs/rhumanos/includes/libadodb/adodb/datadict datadict-postgres.inc.php
106.08.03 16:48 B C:\AppServ\www\Desarrollo PHP\IntranetRH\rhumanos\includes\libadodb\adodb\datadict\datadict-sapdb.inc.php --> redportal.reduno.com.mx /export/home/erikal/apache/htdocs/rhumanos/includes/libadodb/adodb/datadict datadict-sapdb.inc.php
106.08.03 16:48 B C:\AppServ\www\Desarrollo PHP\IntranetRH\rhumanos\includes\libadodb\adodb\datadict\datadict-sybase.inc.php --> redportal.reduno.com.mx /export/home/erikal/apache/htdocs/rhumanos/includes/libadodb/adodb/datadict datadict-sybase.inc.php
106.08.03 16:48 B C:\AppServ\www\Desarrollo PHP\IntranetRH\rhumanos\includes\libadodb\adodb\datadict\WS_FTP.LOG --> redportal.reduno.com.mx /export/home/erikal/apache/htdocs/rhumanos/includes/libadodb/adodb/datadict WS_FTP.LOG
106.12.07 10:51 B C:\AppServ\www\Desarrollo PHP\IntranetRH\rhumanos\includes\libadodb\adodb\datadict\datadict-access.inc.php --> redportal.reduno.com.mx /export/home/webuser/rhumanos/includes/libadodb/adodb/datadict datadict-access.inc.php
106.12.07 10:51 B C:\AppServ\www\Desarrollo PHP\IntranetRH\rhumanos\includes\libadodb\adodb\datadict\datadict-db2.inc.php --> redportal.reduno.com.mx /export/home/webuser/rhumanos/includes/libadodb/adodb/datadict datadict-db2.inc.php
106.12.07 10:51 B C:\AppServ\www\Desarrollo PHP\IntranetRH\rhumanos\includes\libadodb\adodb\datadict\datadict-firebird.inc.php --> redportal.reduno.com.mx /export/home/webuser/rhumanos/includes/libadodb/adodb/datadict datadict-firebird.inc.php
106.12.07 10:51 B C:\AppServ\www\Desarrollo PHP\IntranetRH\rhumanos\includes\libadodb\adodb\datadict\datadict-generic.inc.php --> redportal.reduno.com.mx /export/home/webuser/rhumanos/includes/libadodb/adodb/datadict datadict-generic.inc.php
106.12.07 10:51 B C:\AppServ\www\Desarrollo PHP\IntranetRH\rhumanos\includes\libadodb\adodb\datadict\datadict-ibase.inc.php --> redportal.reduno.com.mx /export/home/webuser/rhumanos/includes/libadodb/adodb/datadict datadict-ibase.inc.php
106.12.07 10:51 B C:\AppServ\www\Desarrollo PHP\IntranetRH\rhumanos\includes\libadodb\adodb\datadict\datadict-informix.inc.php --> redportal.reduno.com.mx /export/home/webuser/rhumanos/includes/libadodb/adodb/datadict datadict-informix.inc.php
106.12.07 10:51 B C:\AppServ\www\Desarrollo PHP\IntranetRH\rhumanos\includes\libadodb\adodb\datadict\datadict-mssql.inc.php --> redportal.reduno.com.mx /export/home/webuser/rhumanos/includes/libadodb/adodb/datadict datadict-mssql.inc.php
106.12.07 10:51 B C:\AppServ\www\Desarrollo PHP\IntranetRH\rhumanos\includes\libadodb\adodb\datadict\datadict-mysql.inc.php --> redportal.reduno.com.mx /export/home/webuser/rhumanos/includes/libadodb/adodb/datadict datadict-mysql.inc.php
106.12.07 10:51 B C:\AppServ\www\Desarrollo PHP\IntranetRH\rhumanos\includes\libadodb\adodb\datadict\datadict-oci8.inc.php --> redportal.reduno.com.mx /export/home/webuser/rhumanos/includes/libadodb/adodb/datadict datadict-oci8.inc.php
106.12.07 10:51 B C:\AppServ\www\Desarrollo PHP\IntranetRH\rhumanos\includes\libadodb\adodb\datadict\datadict-postgres.inc.php --> redportal.reduno.com.mx /export/home/webuser/rhumanos/includes/libadodb/adodb/datadict datadict-postgres.inc.php
106.12.07 10:51 B C:\AppServ\www\Desarrollo PHP\IntranetRH\rhumanos\includes\libadodb\adodb\datadict\datadict-sapdb.inc.php --> redportal.reduno.com.mx /export/home/webuser/rhumanos/includes/libadodb/adodb/datadict datadict-sapdb.inc.php
106.12.07 10:51 B C:\AppServ\www\Desarrollo PHP\IntranetRH\rhumanos\includes\libadodb\adodb\datadict\datadict-sybase.inc.php --> redportal.reduno.com.mx /export/home/webuser/rhumanos/includes/libadodb/adodb/datadict datadict-sybase.inc.php
107.05.07 14:02 B C:\UNIX\INTRANET\servidor\includes\libadodb\adodb\datadict\WS_FTP.LOG <-- redportal.reduno.com.mx INTRANET /export/home/webuser/apache/htdocs/rhumanos/includes/libadodb/adodb/datadict WS_FTP.LOG
